Config file: configs/erzya_pos_xlmr-cpt-full_emb-32k-s.yml
Pytorch version: 1.13.1
Pytorch CUDA version: 11.7
GPUs available: True
########
Beginning POS evaluation for myv
majority label baseline: 24.14
per word majority baseline: 55.97
random seed: 1
num epochs: 64
accuracy: 68.32
----
random seed: 2
num epochs: 64
accuracy: 70.94
----
random seed: 3
num epochs: 64
accuracy: 74.05
----
random seed: 4
num epochs: 64
accuracy: 72.57
----
all trials finished
mean epochs: 64.0
mean accuracy: 71.47
standard deviation: 2.12
