Config file: configs/erzya_pos_xlmr-cpt-full_emb-32k-f.yml
Pytorch version: 1.13.1
Pytorch CUDA version: 11.7
GPUs available: True
########
Beginning POS evaluation for myv
majority label baseline: 24.14
per word majority baseline: 55.97
random seed: 1
num epochs: 64
accuracy: 77.05
----
random seed: 2
num epochs: 64
accuracy: 77.53
----
random seed: 3
num epochs: 58
accuracy: 76.99
----
random seed: 4
num epochs: 64
accuracy: 72.68
----
all trials finished
mean epochs: 62.5
mean accuracy: 76.06
standard deviation: 1.96
