Config file: configs/erzya_pos_xlmr-cpt-full_emb-32k-i.yml
Pytorch version: 1.13.1
Pytorch CUDA version: 11.7
GPUs available: True
########
Beginning POS evaluation for myv
majority label baseline: 24.14
per word majority baseline: 55.97
random seed: 1
num epochs: 64
accuracy: 54.47
----
random seed: 2
num epochs: 64
accuracy: 59.98
----
random seed: 3
num epochs: 62
accuracy: 62.99
----
random seed: 4
num epochs: 64
accuracy: 58.84
----
all trials finished
mean epochs: 63.5
mean accuracy: 59.07
standard deviation: 3.06
