Config file: configs/erzya_pos_xlmr-cpt-full_emb-32k-spi.yml
Pytorch version: 1.13.1
Pytorch CUDA version: 11.7
GPUs available: True
########
Beginning POS evaluation for myv
majority label baseline: 24.14
per word majority baseline: 55.97
random seed: 1
num epochs: 60
accuracy: 78.58
----
random seed: 2
num epochs: 62
accuracy: 80.1
----
random seed: 3
num epochs: 64
accuracy: 78.88
----
random seed: 4
num epochs: 58
accuracy: 78.32
----
all trials finished
mean epochs: 61.0
mean accuracy: 78.97
standard deviation: 0.68
