Config file: configs/erzya_pos_xlmr-cpt-full.yml
Pytorch version: 1.13.1
Pytorch CUDA version: 11.7
GPUs available: True
########
Beginning POS evaluation for myv
majority label baseline: 24.14
per word majority baseline: 55.97
random seed: 1
num epochs: 64
accuracy: 85.52
----
random seed: 2
num epochs: 64
accuracy: 87.2
----
random seed: 3
num epochs: 64
accuracy: 85.25
----
random seed: 4
num epochs: 64
accuracy: 82.34
----
all trials finished
mean epochs: 64.0
mean accuracy: 85.07
standard deviation: 1.75
