Config file: configs/erzya_pos_xlmr-cpt-full_emb-32k-sp.yml
Pytorch version: 1.13.1
Pytorch CUDA version: 11.7
GPUs available: True
########
Beginning POS evaluation for myv
majority label baseline: 24.14
per word majority baseline: 55.97
random seed: 1
num epochs: 46
accuracy: 70.79
----
random seed: 2
num epochs: 64
accuracy: 76.2
----
random seed: 3
num epochs: 46
accuracy: 75.22
----
random seed: 4
num epochs: 62
accuracy: 76.01
----
all trials finished
mean epochs: 54.5
mean accuracy: 74.55
standard deviation: 2.2
