Config file: configs/he_pos_xlmr-cpt-full_emb-32k-i.yml
Pytorch version: 1.13.1
Pytorch CUDA version: 11.7
GPUs available: True
########
Beginning POS evaluation for he
majority label baseline: 23.66
per word majority baseline: 85.82
random seed: 1
num epochs: 64
accuracy: 90.95
----
random seed: 2
num epochs: 64
accuracy: 91.25
----
random seed: 3
num epochs: 64
accuracy: 91.63
----
random seed: 4
num epochs: 64
accuracy: 91.55
----
all trials finished
mean epochs: 64.0
mean accuracy: 91.35
standard deviation: 0.27
