Config file: configs/he_pos_xlmr-cpt-full_emb-32k-f.yml
Pytorch version: 1.13.1
Pytorch CUDA version: 11.7
GPUs available: True
########
Beginning POS evaluation for he
majority label baseline: 23.66
per word majority baseline: 85.82
random seed: 1
num epochs: 56
accuracy: 97.31
----
random seed: 2
num epochs: 34
accuracy: 96.37
----
random seed: 3
num epochs: 50
accuracy: 97.03
----
random seed: 4
num epochs: 40
accuracy: 97.09
----
all trials finished
mean epochs: 45.0
mean accuracy: 96.95
standard deviation: 0.35
