Config file: configs/he_pos_xlmr-cpt_emb-32k-si.yml
Pytorch version: 1.13.1
Pytorch CUDA version: 11.7
GPUs available: True
########
Beginning POS evaluation for he
majority label baseline: 23.66
per word majority baseline: 85.82
random seed: 1
num epochs: 60
accuracy: 95.18
----
random seed: 2
num epochs: 62
accuracy: 95.2
----
random seed: 3
num epochs: 56
accuracy: 95.05
----
random seed: 4
num epochs: 64
accuracy: 95.16
----
all trials finished
mean epochs: 60.5
mean accuracy: 95.15
standard deviation: 0.06
