Config file: configs/he_pos_xlmr-cpt_emb-32k-f.yml
Pytorch version: 1.13.1
Pytorch CUDA version: 11.7
GPUs available: True
########
Beginning POS evaluation for he
majority label baseline: 23.66
per word majority baseline: 85.82
random seed: 1
num epochs: 56
accuracy: 97.07
----
random seed: 2
num epochs: 62
accuracy: 97.06
----
random seed: 3
num epochs: 58
accuracy: 97.09
----
random seed: 4
num epochs: 36
accuracy: 96.47
----
all trials finished
mean epochs: 53.0
mean accuracy: 96.92
standard deviation: 0.26
