Config file: configs/he_pos_xlmr-cpt_emb-32k-sp.yml
Pytorch version: 1.13.1
Pytorch CUDA version: 11.7
GPUs available: True
########
Beginning POS evaluation for he
majority label baseline: 23.66
per word majority baseline: 85.82
random seed: 1
num epochs: 64
accuracy: 82.51
----
random seed: 2
num epochs: 64
accuracy: 82.99
----
random seed: 3
num epochs: 62
accuracy: 82.19
----
random seed: 4
num epochs: 62
accuracy: 82.25
----
all trials finished
mean epochs: 63.0
mean accuracy: 82.48
standard deviation: 0.32
