Config file: configs/he_pos_xlmr-cpt_emb-32k-s.yml
Pytorch version: 1.13.1
Pytorch CUDA version: 11.7
GPUs available: True
########
Beginning POS evaluation for he
majority label baseline: 23.66
per word majority baseline: 85.82
random seed: 1
num epochs: 64
accuracy: 81.4
----
random seed: 2
num epochs: 64
accuracy: 82.47
----
random seed: 3
num epochs: 64
accuracy: 81.09
----
random seed: 4
num epochs: 64
accuracy: 76.6
----
all trials finished
mean epochs: 64.0
mean accuracy: 80.39
standard deviation: 2.25
