Config file: configs/he_pos_xlmr-cpt_emb-32k-i.yml
Pytorch version: 1.13.1
Pytorch CUDA version: 11.7
GPUs available: True
########
Beginning POS evaluation for he
majority label baseline: 23.66
per word majority baseline: 85.82
random seed: 1
num epochs: 64
accuracy: 88.43
----
random seed: 2
num epochs: 64
accuracy: 88.69
----
random seed: 3
num epochs: 64
accuracy: 88.95
----
random seed: 4
num epochs: 64
accuracy: 88.58
----
all trials finished
mean epochs: 64.0
mean accuracy: 88.66
standard deviation: 0.19
