Config file: configs/ru_pos_xlmr-cpt_emb-32k-s.yml
Pytorch version: 1.13.1
Pytorch CUDA version: 11.7
GPUs available: True
########
Beginning POS evaluation for ru
majority label baseline: 23.84
per word majority baseline: 88.62
random seed: 1
num epochs: 64
accuracy: 88.7
----
random seed: 2
num epochs: 64
accuracy: 90.88
----
random seed: 3
num epochs: 64
accuracy: 90.43
----
random seed: 4
num epochs: 64
accuracy: 88.73
----
all trials finished
mean epochs: 64.0
mean accuracy: 89.68
standard deviation: 0.98
