Config file: configs/ru_pos_xlmr-cpt_emb-32k-f.yml
Pytorch version: 1.13.1
Pytorch CUDA version: 11.7
GPUs available: True
########
Beginning POS evaluation for ru
majority label baseline: 23.84
per word majority baseline: 88.62
random seed: 1
num epochs: 64
accuracy: 98.3
----
random seed: 2
num epochs: 46
accuracy: 98.27
----
random seed: 3
num epochs: 40
accuracy: 98.28
----
random seed: 4
num epochs: 64
accuracy: 98.38
----
all trials finished
mean epochs: 53.5
mean accuracy: 98.31
standard deviation: 0.04
