Config file: configs/ru_pos_xlmr-cpt_emb-32k-spi.yml
Pytorch version: 1.13.1
Pytorch CUDA version: 11.7
GPUs available: True
########
Beginning POS evaluation for ru
majority label baseline: 23.84
per word majority baseline: 88.62
random seed: 1
num epochs: 64
accuracy: 97.09
----
random seed: 2
num epochs: 60
accuracy: 97.16
----
random seed: 3
num epochs: 58
accuracy: 97.01
----
random seed: 4
num epochs: 64
accuracy: 97.1
----
all trials finished
mean epochs: 61.5
mean accuracy: 97.09
standard deviation: 0.05
