Config file: configs/sami_pos_xlmr-cpt-full_emb-32k-i.yml
Pytorch version: 1.13.1
Pytorch CUDA version: 11.7
GPUs available: True
########
Beginning POS evaluation for sme
majority label baseline: 22.99
per word majority baseline: 61.65
random seed: 1
num epochs: 60
accuracy: 70.3
----
random seed: 2
num epochs: 62
accuracy: 71.48
----
random seed: 3
num epochs: 62
accuracy: 70.25
----
random seed: 4
num epochs: 62
accuracy: 70.77
----
all trials finished
mean epochs: 61.5
mean accuracy: 70.7
standard deviation: 0.49
