Config file: configs/sami_pos_xlmr-cpt_emb-32k-si.yml
Pytorch version: 1.13.1
Pytorch CUDA version: 11.7
GPUs available: True
########
Beginning POS evaluation for sme
majority label baseline: 22.99
per word majority baseline: 61.65
random seed: 1
num epochs: 64
accuracy: 66.75
----
random seed: 2
num epochs: 62
accuracy: 71.31
----
random seed: 3
num epochs: 60
accuracy: 69.29
----
random seed: 4
num epochs: 62
accuracy: 67.02
----
all trials finished
mean epochs: 62.0
mean accuracy: 68.59
standard deviation: 1.85
