Config file: configs/sami_pos_xlmr-ots.yml
Pytorch version: 1.13.1
Pytorch CUDA version: 11.7
GPUs available: True
########
Beginning POS evaluation for sme
majority label baseline: 22.99
per word majority baseline: 61.65
random seed: 1
num epochs: 64
accuracy: 74.13
----
random seed: 2
num epochs: 64
accuracy: 70.23
----
random seed: 3
num epochs: 64
accuracy: 70.93
----
random seed: 4
num epochs: 64
accuracy: 69.51
----
all trials finished
mean epochs: 64.0
mean accuracy: 71.2
standard deviation: 1.76
