Config file: configs/sami_pos_xlmr-cpt_emb-32k-f.yml
Pytorch version: 1.13.1
Pytorch CUDA version: 11.7
GPUs available: True
########
Beginning POS evaluation for sme
majority label baseline: 22.99
per word majority baseline: 61.65
random seed: 1
num epochs: 64
accuracy: 72.96
----
random seed: 2
num epochs: 64
accuracy: 75.34
----
random seed: 3
num epochs: 64
accuracy: 75.02
----
random seed: 4
num epochs: 64
accuracy: 71.29
----
all trials finished
mean epochs: 64.0
mean accuracy: 73.65
standard deviation: 1.64
