Config file: configs/sami_pos_xlmr-cpt_emb-32k.yml
Pytorch version: 1.13.1
Pytorch CUDA version: 11.7
GPUs available: True
########
Beginning POS evaluation for sme
majority label baseline: 22.99
per word majority baseline: 61.65
random seed: 1
num epochs: 60
accuracy: 43.35
----
random seed: 2
num epochs: 64
accuracy: 39.41
----
random seed: 3
num epochs: 64
accuracy: 45.21
----
random seed: 4
num epochs: 64
accuracy: 50.65
----
all trials finished
mean epochs: 63.0
mean accuracy: 44.66
standard deviation: 4.05
