Config file: configs/sami_pos_xlmr-cpt_emb-32k-i.yml
Pytorch version: 1.13.1
Pytorch CUDA version: 11.7
GPUs available: True
########
Beginning POS evaluation for sme
majority label baseline: 22.99
per word majority baseline: 61.65
random seed: 1
num epochs: 64
accuracy: 59.24
----
random seed: 2
num epochs: 64
accuracy: 62.47
----
random seed: 3
num epochs: 62
accuracy: 60.84
----
random seed: 4
num epochs: 64
accuracy: 59.74
----
all trials finished
mean epochs: 63.5
mean accuracy: 60.57
standard deviation: 1.24
