Config file: configs/sami_pos_xlmr-cpt-full_emb-32k-s.yml
Pytorch version: 1.13.1
Pytorch CUDA version: 11.7
GPUs available: True
########
Beginning POS evaluation for sme
majority label baseline: 22.99
per word majority baseline: 61.65
random seed: 1
num epochs: 60
accuracy: 77.9
----
random seed: 2
num epochs: 64
accuracy: 77.66
----
random seed: 3
num epochs: 64
accuracy: 78.26
----
random seed: 4
num epochs: 64
accuracy: 77.74
----
all trials finished
mean epochs: 63.0
mean accuracy: 77.89
standard deviation: 0.23
