Config file: configs/sami_pos_xlmr-cpt_emb-32k-spi.yml
Pytorch version: 1.13.1
Pytorch CUDA version: 11.7
GPUs available: True
########
Beginning POS evaluation for sme
majority label baseline: 22.99
per word majority baseline: 61.65
random seed: 1
num epochs: 64
accuracy: 67.68
----
random seed: 2
num epochs: 62
accuracy: 71.6
----
random seed: 3
num epochs: 64
accuracy: 69.73
----
random seed: 4
num epochs: 64
accuracy: 70.23
----
all trials finished
mean epochs: 63.5
mean accuracy: 69.81
standard deviation: 1.41
