Config file: configs/te_pos_xlmr-cpt-full_emb-32k-spi.yml
Pytorch version: 1.13.1
Pytorch CUDA version: 11.7
GPUs available: True
########
Beginning POS evaluation for te
majority label baseline: 22.77
per word majority baseline: 72.4
random seed: 1
num epochs: 60
accuracy: 89.04
----
random seed: 2
num epochs: 64
accuracy: 90.01
----
random seed: 3
num epochs: 26
accuracy: 83.22
----
random seed: 4
num epochs: 62
accuracy: 91.82
----
all trials finished
mean epochs: 53.0
mean accuracy: 88.52
standard deviation: 3.22
