Config file: configs/te_pos_xlmr-cpt_emb-32k-i.yml
Pytorch version: 1.13.1
Pytorch CUDA version: 11.7
GPUs available: True
########
Beginning POS evaluation for te
majority label baseline: 22.77
per word majority baseline: 72.4
random seed: 1
num epochs: 64
accuracy: 77.53
----
random seed: 2
num epochs: 40
accuracy: 75.31
----
random seed: 3
num epochs: 44
accuracy: 75.17
----
random seed: 4
num epochs: 64
accuracy: 78.36
----
all trials finished
mean epochs: 53.0
mean accuracy: 76.6
standard deviation: 1.38
