Config file: configs/te_pos_xlmr-cpt_emb-32k-spi.yml
Pytorch version: 1.13.1
Pytorch CUDA version: 11.7
GPUs available: True
########
Beginning POS evaluation for te
majority label baseline: 22.77
per word majority baseline: 72.4
random seed: 1
num epochs: 46
accuracy: 80.86
----
random seed: 2
num epochs: 48
accuracy: 81.55
----
random seed: 3
num epochs: 32
accuracy: 81.0
----
random seed: 4
num epochs: 58
accuracy: 83.77
----
all trials finished
mean epochs: 46.0
mean accuracy: 81.8
standard deviation: 1.17
