Config file: configs/te_pos_xlmr-cpt-full_emb-32k-si.yml
Pytorch version: 1.13.1
Pytorch CUDA version: 11.7
GPUs available: True
########
Beginning POS evaluation for te
majority label baseline: 22.77
per word majority baseline: 72.4
random seed: 1
num epochs: 64
accuracy: 89.74
----
random seed: 2
num epochs: 28
accuracy: 84.47
----
random seed: 3
num epochs: 28
accuracy: 83.22
----
random seed: 4
num epochs: 64
accuracy: 91.12
----
all trials finished
mean epochs: 46.0
mean accuracy: 87.14
standard deviation: 3.36
