Config file: configs/te_pos_xlmr-cpt_emb-32k-sp.yml
Pytorch version: 1.13.1
Pytorch CUDA version: 11.7
GPUs available: True
########
Beginning POS evaluation for te
majority label baseline: 22.77
per word majority baseline: 72.4
random seed: 1
num epochs: 62
accuracy: 63.66
----
random seed: 2
num epochs: 48
accuracy: 61.72
----
random seed: 3
num epochs: 54
accuracy: 76.56
----
random seed: 4
num epochs: 62
accuracy: 78.36
----
all trials finished
mean epochs: 56.5
mean accuracy: 70.08
standard deviation: 7.44
