Config file: configs/te_pos_xlmr-cpt-full_emb-32k-f.yml
Pytorch version: 1.13.1
Pytorch CUDA version: 11.7
GPUs available: True
########
Beginning POS evaluation for te
majority label baseline: 22.77
per word majority baseline: 72.4
random seed: 1
num epochs: 18
accuracy: 83.36
----
random seed: 2
num epochs: 24
accuracy: 83.5
----
random seed: 3
num epochs: 64
accuracy: 90.15
----
random seed: 4
num epochs: 64
accuracy: 90.71
----
all trials finished
mean epochs: 42.5
mean accuracy: 86.93
standard deviation: 3.51
