Config file: configs/te_pos_xlmr-cpt-full_emb-32k-i.yml
Pytorch version: 1.13.1
Pytorch CUDA version: 11.7
GPUs available: True
########
Beginning POS evaluation for te
majority label baseline: 22.77
per word majority baseline: 72.4
random seed: 1
num epochs: 36
accuracy: 75.87
----
random seed: 2
num epochs: 36
accuracy: 77.12
----
random seed: 3
num epochs: 62
accuracy: 82.39
----
random seed: 4
num epochs: 56
accuracy: 76.84
----
all trials finished
mean epochs: 47.5
mean accuracy: 78.05
standard deviation: 2.54
