Pytorch version: 1.13.1
Pytorch CUDA version: 11.7
GPUs available: True
Doing zero-shot transfer from source uralic to languages kpv, krl, mdf, olo, sms
random seed: 1
num epochs: 64
kpv accuracy: 48.15
krl accuracy: 70.81
mdf accuracy: 58.05
olo accuracy: 67.47
sms accuracy: 50.1
----
random seed: 2
num epochs: 62
kpv accuracy: 48.29
krl accuracy: 70.56
mdf accuracy: 59.54
olo accuracy: 68.62
sms accuracy: 48.86
----
random seed: 3
num epochs: 64
kpv accuracy: 48.1
krl accuracy: 70.33
mdf accuracy: 59.15
olo accuracy: 68.08
sms accuracy: 52.83
----
random seed: 4
num epochs: 64
kpv accuracy: 47.2
krl accuracy: 71.07
mdf accuracy: 58.96
olo accuracy: 68.28
sms accuracy: 50.45
----
all trials finished
mean epochs: 63.5
kpv mean score: 47.93
kpv standard deviation: 0.43
krl mean score: 70.69
krl standard deviation: 0.28
mdf mean score: 58.93
mdf standard deviation: 0.55
olo mean score: 68.11
olo standard deviation: 0.42
sms mean score: 50.56
sms standard deviation: 1.44
