Pytorch version: 1.13.1
Pytorch CUDA version: 11.7
GPUs available: True
########
Beginning POS evaluation for myv
majority label baseline: 24.14
per word majority baseline: 55.97
random seed: 1
num epochs: 64
accuracy: 63.92
----
random seed: 2
num epochs: 64
accuracy: 48.78
----
random seed: 3
num epochs: 64
accuracy: 54.89
----
random seed: 4
num epochs: 64
accuracy: 48.75
----
all trials finished
mean epochs: 64.0
mean score: 54.09
standard deviation: 6.21
########
Beginning POS evaluation for sme
majority label baseline: 22.99
per word majority baseline: 61.65
random seed: 1
num epochs: 60
accuracy: 62.29
----
random seed: 2
num epochs: 64
accuracy: 61.14
----
random seed: 3
num epochs: 60
accuracy: 61.53
----
random seed: 4
num epochs: 64
accuracy: 65.9
----
all trials finished
mean epochs: 62.0
mean score: 62.71
standard deviation: 1.89
########
Beginning POS evaluation for et
majority label baseline: 19.97
per word majority baseline: 69.37
random seed: 1
num epochs: 64
accuracy: 78.51
----
random seed: 2
num epochs: 60
accuracy: 83.16
----
random seed: 3
num epochs: 64
accuracy: 80.14
----
random seed: 4
num epochs: 64
accuracy: 85.3
----
all trials finished
mean epochs: 63.0
mean score: 81.78
standard deviation: 2.63
########
Beginning POS evaluation for fi
majority label baseline: 23.24
per word majority baseline: 70.78
random seed: 1
num epochs: 64
accuracy: 81.82
----
random seed: 2
num epochs: 64
accuracy: 81.41
----
random seed: 3
num epochs: 64
accuracy: 83.31
----
random seed: 4
num epochs: 64
accuracy: 87.17
----
all trials finished
mean epochs: 64.0
mean score: 83.43
standard deviation: 2.28
########
Beginning POS evaluation for hu
majority label baseline: 22.42
per word majority baseline: 60.37
random seed: 1
num epochs: 64
accuracy: 95.02
----
random seed: 2
num epochs: 64
accuracy: 93.97
----
random seed: 3
num epochs: 64
accuracy: 87.07
----
random seed: 4
num epochs: 64
accuracy: 93.1
----
all trials finished
mean epochs: 64.0
mean score: 92.29
standard deviation: 3.09
########
Beginning POS evaluation for ru
majority label baseline: 23.84
per word majority baseline: 88.62
random seed: 1
num epochs: 64
accuracy: 94.13
----
random seed: 2
num epochs: 64
accuracy: 87.9
----
random seed: 3
num epochs: 64
accuracy: 94.86
----
random seed: 4
num epochs: 64
accuracy: 88.25
----
all trials finished
mean epochs: 64.0
mean score: 91.28
standard deviation: 3.22
