Pytorch version: 1.13.1
Pytorch CUDA version: 11.7
GPUs available: True
########
Beginning POS evaluation for myv
majority label baseline: 24.14
per word majority baseline: 55.97
random seed: 1
num epochs: 18
accuracy: 48.48
----
random seed: 2
num epochs: 64
accuracy: 48.76
----
random seed: 3
num epochs: 64
accuracy: 48.77
----
random seed: 4
num epochs: 64
accuracy: 48.77
----
all trials finished
mean epochs: 52.5
mean score: 48.69
standard deviation: 0.12
########
Beginning POS evaluation for sme
majority label baseline: 22.99
per word majority baseline: 61.65
random seed: 1
num epochs: 64
accuracy: 58.91
----
random seed: 2
num epochs: 62
accuracy: 57.94
----
random seed: 3
num epochs: 64
accuracy: 58.83
----
random seed: 4
num epochs: 64
accuracy: 61.98
----
all trials finished
mean epochs: 63.5
mean score: 59.42
standard deviation: 1.53
########
Beginning POS evaluation for et
majority label baseline: 19.97
per word majority baseline: 69.37
random seed: 1
num epochs: 64
accuracy: 54.17
----
random seed: 2
num epochs: 64
accuracy: 55.18
----
random seed: 3
num epochs: 62
accuracy: 55.01
----
random seed: 4
num epochs: 64
accuracy: 60.12
----
all trials finished
mean epochs: 63.5
mean score: 56.12
standard deviation: 2.34
########
Beginning POS evaluation for fi
majority label baseline: 23.24
per word majority baseline: 70.78
random seed: 1
num epochs: 60
accuracy: 50.74
----
random seed: 2
num epochs: 64
accuracy: 50.41
----
random seed: 3
num epochs: 64
accuracy: 49.73
----
random seed: 4
num epochs: 64
accuracy: 51.82
----
all trials finished
mean epochs: 63.0
mean score: 50.67
standard deviation: 0.76
########
Beginning POS evaluation for hu
majority label baseline: 22.42
per word majority baseline: 60.37
random seed: 1
num epochs: 64
accuracy: 59.63
----
random seed: 2
num epochs: 64
accuracy: 62.96
----
random seed: 3
num epochs: 64
accuracy: 58.57
----
random seed: 4
num epochs: 64
accuracy: 59.27
----
all trials finished
mean epochs: 64.0
mean score: 60.11
standard deviation: 1.69
########
Beginning POS evaluation for ru
majority label baseline: 23.84
per word majority baseline: 88.62
random seed: 1
num epochs: 24
accuracy: 41.78
----
random seed: 2
num epochs: 54
accuracy: 41.79
----
random seed: 3
num epochs: 64
accuracy: 54.06
----
random seed: 4
num epochs: 56
accuracy: 41.79
----
all trials finished
mean epochs: 49.5
mean score: 44.85
standard deviation: 5.31
