Pytorch version: 1.13.1
Pytorch CUDA version: 11.7
GPUs available: True
########
Beginning POS evaluation for myv
majority label baseline: 24.14
per word majority baseline: 55.97
random seed: 1
num epochs: 62
accuracy: 70.03
----
random seed: 2
num epochs: 64
accuracy: 57.8
----
random seed: 3
num epochs: 62
accuracy: 71.81
----
random seed: 4
num epochs: 64
accuracy: 67.1
----
all trials finished
mean epochs: 63.0
mean score: 66.69
standard deviation: 5.4
########
Beginning POS evaluation for sme
majority label baseline: 22.99
per word majority baseline: 61.65
random seed: 1
num epochs: 62
accuracy: 67.96
----
random seed: 2
num epochs: 64
accuracy: 65.62
----
random seed: 3
num epochs: 64
accuracy: 68.26
----
random seed: 4
num epochs: 64
accuracy: 68.5
----
all trials finished
mean epochs: 63.5
mean score: 67.59
standard deviation: 1.15
########
Beginning POS evaluation for et
majority label baseline: 19.97
per word majority baseline: 69.37
random seed: 1
num epochs: 64
accuracy: 89.53
----
random seed: 2
num epochs: 64
accuracy: 88.23
----
random seed: 3
num epochs: 62
accuracy: 91.52
----
random seed: 4
num epochs: 62
accuracy: 89.85
----
all trials finished
mean epochs: 63.0
mean score: 89.78
standard deviation: 1.17
########
Beginning POS evaluation for fi
majority label baseline: 23.24
per word majority baseline: 70.78
random seed: 1
num epochs: 44
accuracy: 85.1
----
random seed: 2
num epochs: 64
accuracy: 88.71
----
random seed: 3
num epochs: 64
accuracy: 87.08
----
random seed: 4
num epochs: 64
accuracy: 87.48
----
all trials finished
mean epochs: 59.0
mean score: 87.09
standard deviation: 1.3
########
Beginning POS evaluation for hu
majority label baseline: 22.42
per word majority baseline: 60.37
random seed: 1
num epochs: 62
accuracy: 93.97
----
random seed: 2
num epochs: 60
accuracy: 95.25
----
random seed: 3
num epochs: 64
accuracy: 95.59
----
random seed: 4
num epochs: 64
accuracy: 95.26
----
all trials finished
mean epochs: 62.5
mean score: 95.02
standard deviation: 0.62
########
Beginning POS evaluation for ru
majority label baseline: 23.84
per word majority baseline: 88.62
random seed: 1
num epochs: 64
accuracy: 95.21
----
random seed: 2
num epochs: 64
accuracy: 94.97
----
random seed: 3
num epochs: 62
accuracy: 95.26
----
random seed: 4
num epochs: 64
accuracy: 90.81
----
all trials finished
mean epochs: 63.5
mean score: 94.06
standard deviation: 1.88
