Pytorch version: 1.13.1
Pytorch CUDA version: 11.7
GPUs available: True
########
Beginning POS evaluation for sme
majority label baseline: 22.99
per word majority baseline: 61.65
random seed: 1
num epochs: 64
accuracy: 73.34
----
random seed: 2
num epochs: 60
accuracy: 73.44
----
random seed: 3
num epochs: 62
accuracy: 73.3
----
random seed: 4
num epochs: 64
accuracy: 73.96
----
all trials finished
mean epochs: 62.5
mean score: 73.51
standard deviation: 0.26
########
Beginning POS evaluation for et
majority label baseline: 19.97
per word majority baseline: 69.37
random seed: 1
num epochs: 62
accuracy: 94.81
----
random seed: 2
num epochs: 56
accuracy: 94.72
----
random seed: 3
num epochs: 56
accuracy: 94.72
----
random seed: 4
num epochs: 64
accuracy: 94.79
----
all trials finished
mean epochs: 59.5
mean score: 94.76
standard deviation: 0.04
########
Beginning POS evaluation for fi
majority label baseline: 23.24
per word majority baseline: 70.78
random seed: 1
num epochs: 48
accuracy: 96.62
----
random seed: 2
num epochs: 62
accuracy: 96.86
----
random seed: 3
num epochs: 50
accuracy: 96.7
----
random seed: 4
num epochs: 64
accuracy: 96.84
----
all trials finished
mean epochs: 56.0
mean score: 96.76
standard deviation: 0.1
########
Beginning POS evaluation for hu
majority label baseline: 22.42
per word majority baseline: 60.37
random seed: 1
num epochs: 64
accuracy: 87.79
----
random seed: 2
num epochs: 62
accuracy: 91.91
----
random seed: 3
num epochs: 64
accuracy: 94.9
----
random seed: 4
num epochs: 64
accuracy: 94.98
----
all trials finished
mean epochs: 63.5
mean score: 92.4
standard deviation: 2.93
