Pytorch version: 1.13.1
Pytorch CUDA version: 11.7
GPUs available: True
########
Beginning POS evaluation for sme
majority label baseline: 22.99
per word majority baseline: 61.65
random seed: 1
num epochs: 64
accuracy: 70.84
----
random seed: 2
num epochs: 60
accuracy: 75.02
----
random seed: 3
num epochs: 64
accuracy: 71.95
----
random seed: 4
num epochs: 64
accuracy: 73.01
----
all trials finished
mean epochs: 63.0
mean score: 72.7
standard deviation: 1.54
########
Beginning POS evaluation for et
majority label baseline: 19.97
per word majority baseline: 69.37
random seed: 1
num epochs: 64
accuracy: 93.36
----
random seed: 2
num epochs: 64
accuracy: 93.28
----
random seed: 3
num epochs: 64
accuracy: 93.84
----
random seed: 4
num epochs: 64
accuracy: 93.53
----
all trials finished
mean epochs: 64.0
mean score: 93.5
standard deviation: 0.22
########
Beginning POS evaluation for fi
majority label baseline: 23.24
per word majority baseline: 70.78
random seed: 1
num epochs: 62
accuracy: 95.55
----
random seed: 2
num epochs: 62
accuracy: 95.28
----
random seed: 3
num epochs: 62
accuracy: 95.27
----
random seed: 4
num epochs: 64
accuracy: 95.34
----
all trials finished
mean epochs: 62.5
mean score: 95.36
standard deviation: 0.11
########
Beginning POS evaluation for hu
majority label baseline: 22.42
per word majority baseline: 60.37
random seed: 1
num epochs: 64
accuracy: 94.23
----
random seed: 2
num epochs: 60
accuracy: 94.58
----
random seed: 3
num epochs: 60
accuracy: 94.65
----
random seed: 4
num epochs: 64
accuracy: 94.08
----
all trials finished
mean epochs: 62.0
mean score: 94.38
standard deviation: 0.24
