Pytorch version: 1.13.1
Pytorch CUDA version: 11.7
GPUs available: True
########
Beginning POS evaluation for sme
majority label baseline: 22.99
per word majority baseline: 61.65
random seed: 1
num epochs: 62
accuracy: 64.65
----
random seed: 2
num epochs: 64
accuracy: 70.56
----
random seed: 3
num epochs: 64
accuracy: 69.36
----
random seed: 4
num epochs: 62
accuracy: 66.83
----
all trials finished
mean epochs: 63.0
mean score: 67.85
standard deviation: 2.29
########
Beginning POS evaluation for et
majority label baseline: 19.97
per word majority baseline: 69.37
random seed: 1
num epochs: 64
accuracy: 91.96
----
random seed: 2
num epochs: 64
accuracy: 92.14
----
random seed: 3
num epochs: 62
accuracy: 90.82
----
random seed: 4
num epochs: 64
accuracy: 91.99
----
all trials finished
mean epochs: 63.5
mean score: 91.73
standard deviation: 0.53
########
Beginning POS evaluation for fi
majority label baseline: 23.24
per word majority baseline: 70.78
random seed: 1
num epochs: 64
accuracy: 94.79
----
random seed: 2
num epochs: 62
accuracy: 94.55
----
random seed: 3
num epochs: 62
accuracy: 94.67
----
random seed: 4
num epochs: 62
accuracy: 94.93
----
all trials finished
mean epochs: 62.5
mean score: 94.74
standard deviation: 0.14
########
Beginning POS evaluation for hu
majority label baseline: 22.42
per word majority baseline: 60.37
random seed: 1
num epochs: 64
accuracy: 80.53
----
random seed: 2
num epochs: 64
accuracy: 91.86
----
random seed: 3
num epochs: 64
accuracy: 86.5
----
random seed: 4
num epochs: 64
accuracy: 88.57
----
all trials finished
mean epochs: 64.0
mean score: 86.87
standard deviation: 4.13
