Pytorch version: 1.13.1
Pytorch CUDA version: 11.7
GPUs available: True
########
Beginning POS evaluation for sme
majority label baseline: 22.99
per word majority baseline: 61.65
random seed: 1
num epochs: 64
accuracy: 76.04
----
random seed: 2
num epochs: 64
accuracy: 78.96
----
random seed: 3
num epochs: 64
accuracy: 75.07
----
random seed: 4
num epochs: 64
accuracy: 77.93
----
all trials finished
mean epochs: 64.0
mean score: 77.0
standard deviation: 1.53
########
Beginning POS evaluation for et
majority label baseline: 19.97
per word majority baseline: 69.37
random seed: 1
num epochs: 54
accuracy: 95.18
----
random seed: 2
num epochs: 64
accuracy: 95.58
----
random seed: 3
num epochs: 64
accuracy: 95.17
----
random seed: 4
num epochs: 60
accuracy: 95.36
----
all trials finished
mean epochs: 60.5
mean score: 95.32
standard deviation: 0.17
########
Beginning POS evaluation for fi
majority label baseline: 23.24
per word majority baseline: 70.78
random seed: 1
num epochs: 60
accuracy: 97.08
----
random seed: 2
num epochs: 64
accuracy: 97.21
----
random seed: 3
num epochs: 56
accuracy: 97.2
----
random seed: 4
num epochs: 64
accuracy: 97.23
----
all trials finished
mean epochs: 61.0
mean score: 97.18
standard deviation: 0.06
########
Beginning POS evaluation for hu
majority label baseline: 22.42
per word majority baseline: 60.37
random seed: 1
num epochs: 64
accuracy: 89.86
----
random seed: 2
num epochs: 64
accuracy: 94.24
----
random seed: 3
num epochs: 64
accuracy: 95.72
----
random seed: 4
num epochs: 64
accuracy: 89.53
----
all trials finished
mean epochs: 64.0
mean score: 92.34
standard deviation: 2.7
