Pytorch version: 1.13.1
Pytorch CUDA version: 11.7
GPUs available: True
Doing zero-shot transfer from source uralic to languages kpv, krl, mdf, olo, sms
random seed: 1
num epochs: 64
kpv accuracy: 44.77
krl accuracy: 58.44
mdf accuracy: 54.47
olo accuracy: 59.74
sms accuracy: 44.75
----
random seed: 2
num epochs: 64
kpv accuracy: 42.46
krl accuracy: 59.37
mdf accuracy: 52.49
olo accuracy: 60.01
sms accuracy: 44.1
----
random seed: 3
num epochs: 64
kpv accuracy: 44.44
krl accuracy: 58.92
mdf accuracy: 54.03
olo accuracy: 58.67
sms accuracy: 43.68
----
random seed: 4
num epochs: 64
kpv accuracy: 42.05
krl accuracy: 60.18
mdf accuracy: 54.13
olo accuracy: 62.03
sms accuracy: 43.2
----
all trials finished
mean epochs: 64.0
kpv mean score: 43.43
kpv standard deviation: 1.19
krl mean score: 59.23
krl standard deviation: 0.64
mdf mean score: 53.78
mdf standard deviation: 0.76
olo mean score: 60.11
olo standard deviation: 1.21
sms mean score: 43.93
sms standard deviation: 0.57
