Pytorch version: 1.13.1
Pytorch CUDA version: 11.7
GPUs available: True
Doing zero-shot transfer from source uralic to languages kpv, krl, mdf, olo, sms
random seed: 1
num epochs: 64
kpv accuracy: 49.59
krl accuracy: 67.91
mdf accuracy: 59.54
olo accuracy: 70.5
sms accuracy: 48.52
----
random seed: 2
num epochs: 64
kpv accuracy: 49.81
krl accuracy: 69.33
mdf accuracy: 60.28
olo accuracy: 69.96
sms accuracy: 49.24
----
random seed: 3
num epochs: 64
kpv accuracy: 49.14
krl accuracy: 67.32
mdf accuracy: 59.54
olo accuracy: 69.22
sms accuracy: 49.27
----
random seed: 4
num epochs: 64
kpv accuracy: 49.36
krl accuracy: 66.87
mdf accuracy: 59.81
olo accuracy: 70.83
sms accuracy: 48.1
----
all trials finished
mean epochs: 64.0
kpv mean score: 49.47
kpv standard deviation: 0.25
krl mean score: 67.86
krl standard deviation: 0.92
mdf mean score: 59.8
mdf standard deviation: 0.3
olo mean score: 70.13
olo standard deviation: 0.61
sms mean score: 48.78
sms standard deviation: 0.5
