Pytorch version: 1.13.1
Pytorch CUDA version: 11.7
GPUs available: True
########
Beginning POS evaluation for myv
majority label baseline: 24.14
per word majority baseline: 55.97
random seed: 1
num epochs: 38
accuracy: 48.75
----
random seed: 2
num epochs: 64
accuracy: 48.67
----
random seed: 3
num epochs: 64
accuracy: 48.74
----
random seed: 4
num epochs: 62
accuracy: 50.07
----
all trials finished
mean epochs: 57.0
mean score: 49.06
standard deviation: 0.59
########
Beginning POS evaluation for sme
majority label baseline: 22.99
per word majority baseline: 61.65
random seed: 1
num epochs: 64
accuracy: 52.0
----
random seed: 2
num epochs: 64
accuracy: 46.06
----
random seed: 3
num epochs: 62
accuracy: 50.9
----
random seed: 4
num epochs: 64
accuracy: 52.66
----
all trials finished
mean epochs: 63.5
mean score: 50.4
standard deviation: 2.58
########
Beginning POS evaluation for et
majority label baseline: 19.97
per word majority baseline: 69.37
random seed: 1
num epochs: 64
accuracy: 48.97
----
random seed: 2
num epochs: 64
accuracy: 51.89
----
random seed: 3
num epochs: 16
accuracy: 37.7
----
random seed: 4
num epochs: 64
accuracy: 58.13
----
all trials finished
mean epochs: 52.0
mean score: 49.17
standard deviation: 7.4
########
Beginning POS evaluation for fi
majority label baseline: 23.24
per word majority baseline: 70.78
random seed: 1
num epochs: 64
accuracy: 51.15
----
random seed: 2
num epochs: 62
accuracy: 45.2
----
random seed: 3
num epochs: 36
accuracy: 37.44
----
random seed: 4
num epochs: 64
accuracy: 46.55
----
all trials finished
mean epochs: 56.5
mean score: 45.09
standard deviation: 4.94
########
Beginning POS evaluation for hu
majority label baseline: 22.42
per word majority baseline: 60.37
random seed: 1
num epochs: 64
accuracy: 62.4
----
random seed: 2
num epochs: 64
accuracy: 60.01
----
random seed: 3
num epochs: 64
accuracy: 57.42
----
random seed: 4
num epochs: 64
accuracy: 58.17
----
all trials finished
mean epochs: 64.0
mean score: 59.5
standard deviation: 1.92
########
Beginning POS evaluation for ru
majority label baseline: 23.84
per word majority baseline: 88.62
random seed: 1
num epochs: 52
accuracy: 41.79
----
random seed: 2
num epochs: 16
accuracy: 41.78
----
random seed: 3
num epochs: 30
accuracy: 41.79
----
random seed: 4
num epochs: 64
accuracy: 41.78
----
all trials finished
mean epochs: 40.5
mean score: 41.79
standard deviation: 0.01
