Pytorch version: 1.13.1
Pytorch CUDA version: 11.7
GPUs available: True
########
Beginning POS evaluation for myv
majority label baseline: 24.14
per word majority baseline: 55.97
random seed: 1
num epochs: 64
accuracy: 50.11
----
random seed: 2
num epochs: 64
accuracy: 49.56
----
random seed: 3
num epochs: 34
accuracy: 47.32
----
random seed: 4
num epochs: 64
accuracy: 47.25
----
all trials finished
mean epochs: 56.5
mean score: 48.56
standard deviation: 1.29
########
Beginning POS evaluation for sme
majority label baseline: 22.99
per word majority baseline: 61.65
random seed: 1
num epochs: 64
accuracy: 58.59
----
random seed: 2
num epochs: 64
accuracy: 58.13
----
random seed: 3
num epochs: 64
accuracy: 57.08
----
random seed: 4
num epochs: 60
accuracy: 49.54
----
all trials finished
mean epochs: 63.0
mean score: 55.84
standard deviation: 3.68
########
Beginning POS evaluation for et
majority label baseline: 19.97
per word majority baseline: 69.37
random seed: 1
num epochs: 64
accuracy: 65.92
----
random seed: 2
num epochs: 64
accuracy: 75.33
----
random seed: 3
num epochs: 64
accuracy: 75.6
----
random seed: 4
num epochs: 64
accuracy: 72.62
----
all trials finished
mean epochs: 64.0
mean score: 72.37
standard deviation: 3.9
########
Beginning POS evaluation for fi
majority label baseline: 23.24
per word majority baseline: 70.78
random seed: 1
num epochs: 62
accuracy: 73.6
----
random seed: 2
num epochs: 64
accuracy: 71.9
----
random seed: 3
num epochs: 62
accuracy: 76.93
----
random seed: 4
num epochs: 64
accuracy: 75.37
----
all trials finished
mean epochs: 63.0
mean score: 74.45
standard deviation: 1.89
########
Beginning POS evaluation for hu
majority label baseline: 22.42
per word majority baseline: 60.37
random seed: 1
num epochs: 64
accuracy: 88.72
----
random seed: 2
num epochs: 64
accuracy: 91.63
----
random seed: 3
num epochs: 64
accuracy: 81.23
----
random seed: 4
num epochs: 64
accuracy: 87.2
----
all trials finished
mean epochs: 64.0
mean score: 87.19
standard deviation: 3.79
########
Beginning POS evaluation for ru
majority label baseline: 23.84
per word majority baseline: 88.62
random seed: 1
num epochs: 64
accuracy: 85.92
----
random seed: 2
num epochs: 64
accuracy: 85.6
----
random seed: 3
num epochs: 64
accuracy: 86.44
----
random seed: 4
num epochs: 64
accuracy: 77.9
----
all trials finished
mean epochs: 64.0
mean score: 83.96
standard deviation: 3.52
