Pytorch version: 1.13.1
Pytorch CUDA version: 11.7
GPUs available: True
########
Beginning POS evaluation for myv
majority label baseline: 24.14
per word majority baseline: 55.97
random seed: 1
num epochs: 64
accuracy: 63.69
----
random seed: 2
num epochs: 64
accuracy: 56.71
----
random seed: 3
num epochs: 62
accuracy: 49.06
----
random seed: 4
num epochs: 64
accuracy: 48.69
----
all trials finished
mean epochs: 63.5
mean score: 54.54
standard deviation: 6.18
########
Beginning POS evaluation for sme
majority label baseline: 22.99
per word majority baseline: 61.65
random seed: 1
num epochs: 64
accuracy: 61.9
----
random seed: 2
num epochs: 60
accuracy: 56.98
----
random seed: 3
num epochs: 60
accuracy: 61.19
----
random seed: 4
num epochs: 60
accuracy: 64.68
----
all trials finished
mean epochs: 61.0
mean score: 61.19
standard deviation: 2.75
########
Beginning POS evaluation for et
majority label baseline: 19.97
per word majority baseline: 69.37
random seed: 1
num epochs: 64
accuracy: 79.52
----
random seed: 2
num epochs: 64
accuracy: 87.39
----
random seed: 3
num epochs: 64
accuracy: 83.37
----
random seed: 4
num epochs: 62
accuracy: 85.53
----
all trials finished
mean epochs: 63.5
mean score: 83.96
standard deviation: 2.93
########
Beginning POS evaluation for fi
majority label baseline: 23.24
per word majority baseline: 70.78
random seed: 1
num epochs: 60
accuracy: 81.91
----
random seed: 2
num epochs: 64
accuracy: 82.52
----
random seed: 3
num epochs: 64
accuracy: 87.63
----
random seed: 4
num epochs: 64
accuracy: 87.35
----
all trials finished
mean epochs: 63.0
mean score: 84.86
standard deviation: 2.65
########
Beginning POS evaluation for hu
majority label baseline: 22.42
per word majority baseline: 60.37
random seed: 1
num epochs: 62
accuracy: 93.51
----
random seed: 2
num epochs: 64
accuracy: 94.78
----
random seed: 3
num epochs: 64
accuracy: 93.0
----
random seed: 4
num epochs: 62
accuracy: 93.78
----
all trials finished
mean epochs: 63.0
mean score: 93.77
standard deviation: 0.65
########
Beginning POS evaluation for ru
majority label baseline: 23.84
per word majority baseline: 88.62
random seed: 1
num epochs: 64
accuracy: 94.47
----
random seed: 2
num epochs: 64
accuracy: 89.28
----
random seed: 3
num epochs: 64
accuracy: 95.11
----
random seed: 4
num epochs: 64
accuracy: 91.58
----
all trials finished
mean epochs: 64.0
mean score: 92.61
standard deviation: 2.34
