Pytorch version: 1.13.1
Pytorch CUDA version: 11.7
GPUs available: True
Doing zero-shot transfer from source uralic to languages kpv, krl, mdf, olo, sms
random seed: 1
num epochs: 64
kpv accuracy: 50.93
krl accuracy: 75.15
mdf accuracy: 62.34
olo accuracy: 73.12
sms accuracy: 51.97
----
random seed: 2
num epochs: 64
kpv accuracy: 50.15
krl accuracy: 74.66
mdf accuracy: 61.04
olo accuracy: 72.98
sms accuracy: 51.17
----
random seed: 3
num epochs: 64
kpv accuracy: 50.95
krl accuracy: 74.63
mdf accuracy: 62.8
olo accuracy: 72.31
sms accuracy: 49.97
----
random seed: 4
num epochs: 62
kpv accuracy: 51.68
krl accuracy: 74.05
mdf accuracy: 62.39
olo accuracy: 73.52
sms accuracy: 49.41
----
all trials finished
mean epochs: 63.5
kpv mean score: 50.93
kpv standard deviation: 0.54
krl mean score: 74.62
krl standard deviation: 0.39
mdf mean score: 62.14
mdf standard deviation: 0.66
olo mean score: 72.98
olo standard deviation: 0.44
sms mean score: 50.63
sms standard deviation: 1.0
