Pytorch version: 1.13.1
Pytorch CUDA version: 11.7
GPUs available: True
########
Beginning POS evaluation for myv
majority label baseline: 24.14
per word majority baseline: 55.97
random seed: 1
num epochs: 64
accuracy: 52.99
----
random seed: 2
num epochs: 64
accuracy: 57.42
----
random seed: 3
num epochs: 64
accuracy: 60.01
----
random seed: 4
num epochs: 64
accuracy: 50.1
----
all trials finished
mean epochs: 64.0
mean score: 55.13
standard deviation: 3.84
########
Beginning POS evaluation for sme
majority label baseline: 22.99
per word majority baseline: 61.65
random seed: 1
num epochs: 64
accuracy: 60.43
----
random seed: 2
num epochs: 58
accuracy: 60.63
----
random seed: 3
num epochs: 64
accuracy: 60.91
----
random seed: 4
num epochs: 64
accuracy: 63.95
----
all trials finished
mean epochs: 62.5
mean score: 61.48
standard deviation: 1.43
########
Beginning POS evaluation for et
majority label baseline: 19.97
per word majority baseline: 69.37
random seed: 1
num epochs: 64
accuracy: 83.84
----
random seed: 2
num epochs: 62
accuracy: 82.42
----
random seed: 3
num epochs: 62
accuracy: 84.31
----
random seed: 4
num epochs: 64
accuracy: 83.83
----
all trials finished
mean epochs: 63.0
mean score: 83.6
standard deviation: 0.71
########
Beginning POS evaluation for fi
majority label baseline: 23.24
per word majority baseline: 70.78
random seed: 1
num epochs: 60
accuracy: 83.94
----
random seed: 2
num epochs: 62
accuracy: 86.8
----
random seed: 3
num epochs: 60
accuracy: 80.65
----
random seed: 4
num epochs: 62
accuracy: 86.2
----
all trials finished
mean epochs: 61.0
mean score: 84.4
standard deviation: 2.41
########
Beginning POS evaluation for hu
majority label baseline: 22.42
per word majority baseline: 60.37
random seed: 1
num epochs: 62
accuracy: 93.24
----
random seed: 2
num epochs: 64
accuracy: 91.88
----
random seed: 3
num epochs: 64
accuracy: 94.61
----
random seed: 4
num epochs: 64
accuracy: 93.05
----
all trials finished
mean epochs: 63.5
mean score: 93.2
standard deviation: 0.97
########
Beginning POS evaluation for ru
majority label baseline: 23.84
per word majority baseline: 88.62
random seed: 1
num epochs: 64
accuracy: 93.44
----
random seed: 2
num epochs: 64
accuracy: 88.76
----
random seed: 3
num epochs: 64
accuracy: 91.67
----
random seed: 4
num epochs: 64
accuracy: 90.35
----
all trials finished
mean epochs: 64.0
mean score: 91.05
standard deviation: 1.72
