Pytorch version: 1.13.1
Pytorch CUDA version: 11.7
GPUs available: True
Doing zero-shot transfer from source uralic to languages kpv, krl, mdf, olo, sms
random seed: 1
num epochs: 64
kpv accuracy: 45.14
krl accuracy: 55.53
mdf accuracy: 55.45
olo accuracy: 59.81
sms accuracy: 45.2
----
random seed: 2
num epochs: 62
kpv accuracy: 47.06
krl accuracy: 55.49
mdf accuracy: 55.99
olo accuracy: 59.41
sms accuracy: 45.2
----
random seed: 3
num epochs: 64
kpv accuracy: 46.42
krl accuracy: 55.98
mdf accuracy: 54.72
olo accuracy: 60.82
sms accuracy: 47.2
----
random seed: 4
num epochs: 64
kpv accuracy: 46.64
krl accuracy: 55.82
mdf accuracy: 55.18
olo accuracy: 60.42
sms accuracy: 46.44
----
all trials finished
mean epochs: 63.5
kpv mean score: 46.32
kpv standard deviation: 0.72
krl mean score: 55.7
krl standard deviation: 0.2
mdf mean score: 55.34
mdf standard deviation: 0.46
olo mean score: 60.11
olo standard deviation: 0.54
sms mean score: 46.01
sms standard deviation: 0.85
