Pytorch version: 1.13.1
Pytorch CUDA version: 11.7
GPUs available: True
Doing zero-shot transfer from source uralic to languages kpv, krl, mdf, olo, sms
random seed: 1
num epochs: 64
kpv accuracy: 44.6
krl accuracy: 58.69
mdf accuracy: 54.57
olo accuracy: 61.9
sms accuracy: 44.99
----
random seed: 2
num epochs: 64
kpv accuracy: 43.98
krl accuracy: 58.66
mdf accuracy: 54.64
olo accuracy: 61.9
sms accuracy: 43.51
----
random seed: 3
num epochs: 64
kpv accuracy: 45.01
krl accuracy: 57.82
mdf accuracy: 53.93
olo accuracy: 59.54
sms accuracy: 45.1
----
random seed: 4
num epochs: 64
kpv accuracy: 43.1
krl accuracy: 57.3
mdf accuracy: 52.9
olo accuracy: 60.35
sms accuracy: 44.3
----
all trials finished
mean epochs: 64.0
kpv mean score: 44.17
kpv standard deviation: 0.72
krl mean score: 58.12
krl standard deviation: 0.59
mdf mean score: 54.01
mdf standard deviation: 0.7
olo mean score: 60.92
olo standard deviation: 1.02
sms mean score: 44.48
sms standard deviation: 0.64
