Pytorch version: 1.13.1
Pytorch CUDA version: 11.7
GPUs available: True
########
Beginning POS evaluation for sme
majority label baseline: 22.99
per word majority baseline: 61.65
random seed: 1
num epochs: 64
accuracy: 55.32
----
random seed: 2
num epochs: 64
accuracy: 59.6
----
random seed: 3
num epochs: 62
accuracy: 62.97
----
random seed: 4
num epochs: 64
accuracy: 64.29
----
all trials finished
mean epochs: 63.5
mean score: 60.54
standard deviation: 3.46
########
Beginning POS evaluation for et
majority label baseline: 19.97
per word majority baseline: 69.37
random seed: 1
num epochs: 64
accuracy: 74.93
----
random seed: 2
num epochs: 62
accuracy: 74.71
----
random seed: 3
num epochs: 64
accuracy: 74.6
----
random seed: 4
num epochs: 64
accuracy: 74.72
----
all trials finished
mean epochs: 63.5
mean score: 74.74
standard deviation: 0.12
########
Beginning POS evaluation for fi
majority label baseline: 23.24
per word majority baseline: 70.78
random seed: 1
num epochs: 64
accuracy: 68.96
----
random seed: 2
num epochs: 64
accuracy: 75.29
----
random seed: 3
num epochs: 64
accuracy: 75.18
----
random seed: 4
num epochs: 64
accuracy: 75.73
----
all trials finished
mean epochs: 64.0
mean score: 73.79
standard deviation: 2.8
########
Beginning POS evaluation for hu
majority label baseline: 22.42
per word majority baseline: 60.37
random seed: 1
num epochs: 62
accuracy: 57.75
----
random seed: 2
num epochs: 62
accuracy: 57.39
----
random seed: 3
num epochs: 64
accuracy: 57.94
----
random seed: 4
num epochs: 64
accuracy: 57.57
----
all trials finished
mean epochs: 63.0
mean score: 57.66
standard deviation: 0.21
