Pytorch version: 1.13.1
Pytorch CUDA version: 11.7
GPUs available: True
Doing zero-shot transfer from source uralic to languages kpv, krl, mdf, olo, sms
random seed: 1
num epochs: 64
kpv accuracy: 61.97
krl accuracy: 82.09
mdf accuracy: 67.14
olo accuracy: 79.1
sms accuracy: 53.49
----
random seed: 2
num epochs: 64
kpv accuracy: 63.03
krl accuracy: 82.45
mdf accuracy: 67.41
olo accuracy: 80.31
sms accuracy: 54.07
----
random seed: 3
num epochs: 64
kpv accuracy: 61.83
krl accuracy: 82.32
mdf accuracy: 68.41
olo accuracy: 80.04
sms accuracy: 54.21
----
random seed: 4
num epochs: 64
kpv accuracy: 62.81
krl accuracy: 82.64
mdf accuracy: 67.31
olo accuracy: 79.7
sms accuracy: 54.01
----
all trials finished
mean epochs: 64.0
kpv mean score: 62.41
kpv standard deviation: 0.52
krl mean score: 82.38
krl standard deviation: 0.2
mdf mean score: 67.57
mdf standard deviation: 0.5
olo mean score: 79.79
olo standard deviation: 0.45
sms mean score: 53.95
sms standard deviation: 0.27
