Pytorch version: 1.13.1
Pytorch CUDA version: 11.7
GPUs available: True
########
Beginning POS evaluation for myv
majority label baseline: 24.14
per word majority baseline: 55.97
random seed: 1
num epochs: 64
accuracy: 71.3
----
random seed: 2
num epochs: 64
accuracy: 73.84
----
random seed: 3
num epochs: 24
accuracy: 48.75
----
random seed: 4
num epochs: 64
accuracy: 71.12
----
all trials finished
mean epochs: 54.0
mean score: 66.25
standard deviation: 10.16
########
Beginning POS evaluation for sme
majority label baseline: 22.99
per word majority baseline: 61.65
random seed: 1
num epochs: 64
accuracy: 79.96
----
random seed: 2
num epochs: 62
accuracy: 80.51
----
random seed: 3
num epochs: 62
accuracy: 78.09
----
random seed: 4
num epochs: 62
accuracy: 79.61
----
all trials finished
mean epochs: 62.5
mean score: 79.54
standard deviation: 0.9
########
Beginning POS evaluation for et
majority label baseline: 19.97
per word majority baseline: 69.37
random seed: 1
num epochs: 64
accuracy: 95.14
----
random seed: 2
num epochs: 48
accuracy: 95.29
----
random seed: 3
num epochs: 40
accuracy: 94.99
----
random seed: 4
num epochs: 58
accuracy: 95.06
----
all trials finished
mean epochs: 52.5
mean score: 95.12
standard deviation: 0.11
########
Beginning POS evaluation for hu
majority label baseline: 22.42
per word majority baseline: 60.37
random seed: 1
num epochs: 60
accuracy: 94.36
----
random seed: 2
num epochs: 62
accuracy: 91.94
----
random seed: 3
num epochs: 64
accuracy: 93.86
----
random seed: 4
num epochs: 62
accuracy: 94.31
----
all trials finished
mean epochs: 62.0
mean score: 93.62
standard deviation: 0.99
########
Beginning POS evaluation for fi
majority label baseline: 23.24
per word majority baseline: 70.78
random seed: 1
num epochs: 62
accuracy: 97.13
----
random seed: 2
num epochs: 34
accuracy: 96.83
----
random seed: 3
num epochs: 64
accuracy: 97.13
----
random seed: 4
num epochs: 30
accuracy: 96.69
----
all trials finished
mean epochs: 47.5
mean score: 96.95
standard deviation: 0.19
