Pytorch version: 1.13.1
Pytorch CUDA version: 11.7
GPUs available: True
########
Beginning POS evaluation for sme
majority label baseline: 22.99
per word majority baseline: 61.65
random seed: 1
num epochs: 64
accuracy: 65.56
----
random seed: 2
num epochs: 62
accuracy: 64.45
----
random seed: 3
num epochs: 64
accuracy: 65.88
----
random seed: 4
num epochs: 62
accuracy: 65.36
----
all trials finished
mean epochs: 63.0
mean score: 65.31
standard deviation: 0.53
########
Beginning POS evaluation for et
majority label baseline: 19.97
per word majority baseline: 69.37
random seed: 1
num epochs: 64
accuracy: 75.14
----
random seed: 2
num epochs: 62
accuracy: 75.55
----
random seed: 3
num epochs: 64
accuracy: 75.33
----
random seed: 4
num epochs: 64
accuracy: 76.54
----
all trials finished
mean epochs: 63.5
mean score: 75.64
standard deviation: 0.54
########
Beginning POS evaluation for fi
majority label baseline: 23.24
per word majority baseline: 70.78
random seed: 1
num epochs: 64
accuracy: 80.46
----
random seed: 2
num epochs: 62
accuracy: 80.11
----
random seed: 3
num epochs: 64
accuracy: 79.97
----
random seed: 4
num epochs: 64
accuracy: 80.42
----
all trials finished
mean epochs: 63.5
mean score: 80.24
standard deviation: 0.21
########
Beginning POS evaluation for hu
majority label baseline: 22.42
per word majority baseline: 60.37
random seed: 1
num epochs: 64
accuracy: 59.33
----
random seed: 2
num epochs: 64
accuracy: 59.63
----
random seed: 3
num epochs: 64
accuracy: 59.32
----
random seed: 4
num epochs: 62
accuracy: 58.69
----
all trials finished
mean epochs: 63.5
mean score: 59.24
standard deviation: 0.34
