Pytorch version: 1.13.1
Pytorch CUDA version: 11.7
GPUs available: True
########
Beginning POS evaluation for sme
majority label baseline: 22.99
per word majority baseline: 61.65
random seed: 1
num epochs: 62
accuracy: 46.41
----
random seed: 2
num epochs: 64
accuracy: 49.99
----
random seed: 3
num epochs: 64
accuracy: 44.83
----
random seed: 4
num epochs: 64
accuracy: 55.05
----
all trials finished
mean epochs: 63.5
mean score: 49.07
standard deviation: 3.93
########
Beginning POS evaluation for et
majority label baseline: 19.97
per word majority baseline: 69.37
random seed: 1
num epochs: 64
accuracy: 66.77
----
random seed: 2
num epochs: 64
accuracy: 62.48
----
random seed: 3
num epochs: 64
accuracy: 55.68
----
random seed: 4
num epochs: 64
accuracy: 59.74
----
all trials finished
mean epochs: 64.0
mean score: 61.16
standard deviation: 4.04
########
Beginning POS evaluation for fi
majority label baseline: 23.24
per word majority baseline: 70.78
random seed: 1
num epochs: 64
accuracy: 51.84
----
random seed: 2
num epochs: 64
accuracy: 51.66
----
random seed: 3
num epochs: 62
accuracy: 51.84
----
random seed: 4
num epochs: 62
accuracy: 53.61
----
all trials finished
mean epochs: 63.0
mean score: 52.24
standard deviation: 0.8
########
Beginning POS evaluation for hu
majority label baseline: 22.42
per word majority baseline: 60.37
random seed: 1
num epochs: 64
accuracy: 34.16
----
random seed: 2
num epochs: 48
accuracy: 34.15
----
random seed: 3
num epochs: 62
accuracy: 43.36
----
random seed: 4
num epochs: 58
accuracy: 48.21
----
all trials finished
mean epochs: 58.0
mean score: 39.97
standard deviation: 6.06
