Pytorch version: 1.13.1
Pytorch CUDA version: 11.7
GPUs available: True
Doing zero-shot transfer from source uralic to languages kpv, krl, mdf, olo, sms
random seed: 1
num epochs: 64
kpv accuracy: 53.11
krl accuracy: 80.06
mdf accuracy: 63.95
olo accuracy: 75.47
sms accuracy: 52.38
----
random seed: 2
num epochs: 62
kpv accuracy: 53.63
krl accuracy: 80.25
mdf accuracy: 63.71
olo accuracy: 75.54
sms accuracy: 52.56
----
random seed: 3
num epochs: 64
kpv accuracy: 53.59
krl accuracy: 79.93
mdf accuracy: 63.76
olo accuracy: 74.87
sms accuracy: 52.45
----
random seed: 4
num epochs: 64
kpv accuracy: 53.78
krl accuracy: 78.89
mdf accuracy: 64.32
olo accuracy: 75.6
sms accuracy: 52.35
----
all trials finished
mean epochs: 63.5
kpv mean score: 53.53
kpv standard deviation: 0.25
krl mean score: 79.78
krl standard deviation: 0.53
mdf mean score: 63.94
mdf standard deviation: 0.24
olo mean score: 75.37
olo standard deviation: 0.29
sms mean score: 52.43
sms standard deviation: 0.08
