Pytorch version: 1.13.1
Pytorch CUDA version: 11.7
GPUs available: True
########
Beginning POS evaluation for myv
majority label baseline: 24.14
per word majority baseline: 55.97
random seed: 1
num epochs: 62
accuracy: 62.83
----
random seed: 2
num epochs: 18
accuracy: 48.75
----
random seed: 3
num epochs: 64
accuracy: 62.76
----
random seed: 4
num epochs: 64
accuracy: 59.62
----
all trials finished
mean epochs: 52.0
mean score: 58.49
standard deviation: 5.77
########
Beginning POS evaluation for sme
majority label baseline: 22.99
per word majority baseline: 61.65
random seed: 1
num epochs: 64
accuracy: 77.55
----
random seed: 2
num epochs: 62
accuracy: 73.89
----
random seed: 3
num epochs: 64
accuracy: 75.76
----
random seed: 4
num epochs: 64
accuracy: 76.69
----
all trials finished
mean epochs: 63.5
mean score: 75.97
standard deviation: 1.36
########
Beginning POS evaluation for et
majority label baseline: 19.97
per word majority baseline: 69.37
random seed: 1
num epochs: 56
accuracy: 94.69
----
random seed: 2
num epochs: 62
accuracy: 94.69
----
random seed: 3
num epochs: 60
accuracy: 94.44
----
random seed: 4
num epochs: 54
accuracy: 94.63
----
all trials finished
mean epochs: 58.0
mean score: 94.61
standard deviation: 0.1
########
Beginning POS evaluation for hu
majority label baseline: 22.42
per word majority baseline: 60.37
random seed: 1
num epochs: 64
accuracy: 94.19
----
random seed: 2
num epochs: 64
accuracy: 92.26
----
random seed: 3
num epochs: 62
accuracy: 93.78
----
random seed: 4
num epochs: 64
accuracy: 93.43
----
all trials finished
mean epochs: 63.5
mean score: 93.42
standard deviation: 0.72
########
Beginning POS evaluation for fi
majority label baseline: 23.24
per word majority baseline: 70.78
random seed: 1
num epochs: 32
accuracy: 96.58
----
random seed: 2
num epochs: 50
accuracy: 96.97
----
random seed: 3
num epochs: 62
accuracy: 97.1
----
random seed: 4
num epochs: 34
accuracy: 96.83
----
all trials finished
mean epochs: 44.5
mean score: 96.87
standard deviation: 0.19
