Pytorch version: 1.13.1
Pytorch CUDA version: 11.7
GPUs available: True
Doing zero-shot transfer from source uralic to languages kpv, krl, mdf, olo, sms
random seed: 1
num epochs: 60
kpv accuracy: 50.35
krl accuracy: 77.31
mdf accuracy: 64.54
olo accuracy: 73.72
sms accuracy: 52.38
----
random seed: 2
num epochs: 64
kpv accuracy: 49.72
krl accuracy: 76.57
mdf accuracy: 63.15
olo accuracy: 72.98
sms accuracy: 52.49
----
random seed: 3
num epochs: 64
kpv accuracy: 48.97
krl accuracy: 74.79
mdf accuracy: 63.71
olo accuracy: 71.37
sms accuracy: 53.35
----
random seed: 4
num epochs: 64
kpv accuracy: 50.23
krl accuracy: 76.79
mdf accuracy: 65.16
olo accuracy: 72.85
sms accuracy: 52.97
----
all trials finished
mean epochs: 63.0
kpv mean score: 49.82
kpv standard deviation: 0.55
krl mean score: 76.37
krl standard deviation: 0.95
mdf mean score: 64.14
mdf standard deviation: 0.77
olo mean score: 72.73
olo standard deviation: 0.85
sms mean score: 52.8
sms standard deviation: 0.39
