Pytorch version: 1.13.1
Pytorch CUDA version: 11.7
GPUs available: True
########
Beginning POS evaluation for sme
majority label baseline: 22.99
per word majority baseline: 61.65
random seed: 1
num epochs: 62
accuracy: 62.65
----
random seed: 2
num epochs: 64
accuracy: 62.97
----
random seed: 3
num epochs: 64
accuracy: 61.93
----
random seed: 4
num epochs: 48
accuracy: 52.91
----
all trials finished
mean epochs: 59.5
mean score: 60.11
standard deviation: 4.18
########
Beginning POS evaluation for et
majority label baseline: 19.97
per word majority baseline: 69.37
random seed: 1
num epochs: 64
accuracy: 72.24
----
random seed: 2
num epochs: 64
accuracy: 71.52
----
random seed: 3
num epochs: 64
accuracy: 73.19
----
random seed: 4
num epochs: 64
accuracy: 72.83
----
all trials finished
mean epochs: 64.0
mean score: 72.45
standard deviation: 0.63
########
Beginning POS evaluation for fi
majority label baseline: 23.24
per word majority baseline: 70.78
random seed: 1
num epochs: 64
accuracy: 71.4
----
random seed: 2
num epochs: 62
accuracy: 72.95
----
random seed: 3
num epochs: 62
accuracy: 72.98
----
random seed: 4
num epochs: 64
accuracy: 73.17
----
all trials finished
mean epochs: 63.0
mean score: 72.63
standard deviation: 0.71
########
Beginning POS evaluation for hu
majority label baseline: 22.42
per word majority baseline: 60.37
random seed: 1
num epochs: 64
accuracy: 57.87
----
random seed: 2
num epochs: 64
accuracy: 60.21
----
random seed: 3
num epochs: 64
accuracy: 56.34
----
random seed: 4
num epochs: 64
accuracy: 57.34
----
all trials finished
mean epochs: 64.0
mean score: 57.94
standard deviation: 1.42
