Pytorch version: 1.13.1
Pytorch CUDA version: 11.7
GPUs available: True
########
Beginning POS evaluation for sme
majority label baseline: 22.99
per word majority baseline: 61.65
random seed: 1
num epochs: 62
accuracy: 75.31
----
random seed: 2
num epochs: 50
accuracy: 78.56
----
random seed: 3
num epochs: 64
accuracy: 75.7
----
random seed: 4
num epochs: 62
accuracy: 79.54
----
all trials finished
mean epochs: 59.5
mean score: 77.28
standard deviation: 1.81
########
Beginning POS evaluation for et
majority label baseline: 19.97
per word majority baseline: 69.37
random seed: 1
num epochs: 62
accuracy: 95.28
----
random seed: 2
num epochs: 54
accuracy: 94.41
----
random seed: 3
num epochs: 44
accuracy: 94.38
----
random seed: 4
num epochs: 50
accuracy: 94.32
----
all trials finished
mean epochs: 52.5
mean score: 94.6
standard deviation: 0.39
########
Beginning POS evaluation for fi
majority label baseline: 23.24
per word majority baseline: 70.78
random seed: 1
num epochs: 64
accuracy: 96.49
----
random seed: 2
num epochs: 64
accuracy: 96.49
----
random seed: 3
num epochs: 62
accuracy: 96.54
----
random seed: 4
num epochs: 56
accuracy: 96.39
----
all trials finished
mean epochs: 61.5
mean score: 96.48
standard deviation: 0.06
########
Beginning POS evaluation for hu
majority label baseline: 22.42
per word majority baseline: 60.37
random seed: 1
num epochs: 64
accuracy: 95.65
----
random seed: 2
num epochs: 64
accuracy: 93.72
----
random seed: 3
num epochs: 60
accuracy: 95.39
----
random seed: 4
num epochs: 58
accuracy: 95.31
----
all trials finished
mean epochs: 61.5
mean score: 95.02
standard deviation: 0.76
