Pytorch version: 1.13.1
Pytorch CUDA version: 11.7
GPUs available: True
Doing zero-shot transfer from source uralic to languages kpv, krl, mdf, olo, sms
random seed: 1
num epochs: 64
kpv accuracy: 54.73
krl accuracy: 83.26
mdf accuracy: 63.76
olo accuracy: 78.49
sms accuracy: 53.94
----
random seed: 2
num epochs: 64
kpv accuracy: 54.83
krl accuracy: 82.87
mdf accuracy: 63.15
olo accuracy: 79.03
sms accuracy: 53.18
----
random seed: 3
num epochs: 62
kpv accuracy: 53.73
krl accuracy: 83.32
mdf accuracy: 63.69
olo accuracy: 77.76
sms accuracy: 51.21
----
random seed: 4
num epochs: 60
kpv accuracy: 53.52
krl accuracy: 83.45
mdf accuracy: 64.4
olo accuracy: 78.7
sms accuracy: 51.52
----
all trials finished
mean epochs: 62.5
kpv mean score: 54.2
kpv standard deviation: 0.58
krl mean score: 83.23
krl standard deviation: 0.22
mdf mean score: 63.75
mdf standard deviation: 0.44
olo mean score: 78.49
olo standard deviation: 0.47
sms mean score: 52.46
sms standard deviation: 1.13
