Pytorch version: 1.13.1
Pytorch CUDA version: 11.7
GPUs available: True
########
Beginning POS evaluation for myv
majority label baseline: 24.14
per word majority baseline: 55.97
random seed: 1
num epochs: 64
accuracy: 71.3
----
random seed: 2
num epochs: 64
accuracy: 73.84
----
random seed: 3
num epochs: 24
accuracy: 48.75
----
random seed: 4
num epochs: 64
accuracy: 71.12
----
all trials finished
mean epochs: 54.0
mean score: 66.25
standard deviation: 10.16
########
Beginning POS evaluation for sme
majority label baseline: 22.99
per word majority baseline: 61.65
random seed: 1
num epochs: 62
accuracy: 69.92
----
random seed: 2
num epochs: 64
accuracy: 70.45
----
random seed: 3
num epochs: 56
accuracy: 66.53
----
random seed: 4
num epochs: 64
accuracy: 73.42
----
all trials finished
mean epochs: 61.5
mean score: 70.08
standard deviation: 2.44
########
Beginning POS evaluation for et
majority label baseline: 19.97
per word majority baseline: 69.37
random seed: 1
num epochs: 64
accuracy: 88.53
----
random seed: 2
num epochs: 58
accuracy: 83.97
----
random seed: 3
num epochs: 64
accuracy: 84.7
----
random seed: 4
num epochs: 64
accuracy: 81.46
----
all trials finished
mean epochs: 62.5
mean score: 84.67
standard deviation: 2.54
########
Beginning POS evaluation for fi
majority label baseline: 23.24
per word majority baseline: 70.78
random seed: 1
num epochs: 64
accuracy: 89.37
----
random seed: 2
num epochs: 60
accuracy: 88.27
----
random seed: 3
num epochs: 64
accuracy: 87.85
----
random seed: 4
num epochs: 64
accuracy: 87.89
----
all trials finished
mean epochs: 63.0
mean score: 88.35
standard deviation: 0.61
########
Beginning POS evaluation for hu
majority label baseline: 22.42
per word majority baseline: 60.37
random seed: 1
num epochs: 64
accuracy: 85.83
----
random seed: 2
num epochs: 62
accuracy: 93.64
----
random seed: 3
num epochs: 62
accuracy: 90.11
----
random seed: 4
num epochs: 58
accuracy: 94.25
----
all trials finished
mean epochs: 61.5
mean score: 90.96
standard deviation: 3.35
########
Beginning POS evaluation for ru
majority label baseline: 23.84
per word majority baseline: 88.62
random seed: 1
num epochs: 58
accuracy: 94.92
----
random seed: 2
num epochs: 64
accuracy: 94.22
----
random seed: 3
num epochs: 64
accuracy: 92.44
----
random seed: 4
num epochs: 62
accuracy: 94.53
----
all trials finished
mean epochs: 62.0
mean score: 94.03
standard deviation: 0.95
