Pytorch version: 1.13.1
Pytorch CUDA version: 11.7
GPUs available: True
########
Beginning POS evaluation for myv
majority label baseline: 24.14
per word majority baseline: 55.97
random seed: 1
num epochs: 64
accuracy: 74.61
----
random seed: 2
num epochs: 64
accuracy: 76.91
----
random seed: 3
num epochs: 62
accuracy: 75.23
----
random seed: 4
num epochs: 62
accuracy: 71.31
----
all trials finished
mean epochs: 63.0
mean score: 74.51
standard deviation: 2.03
########
Beginning POS evaluation for sme
majority label baseline: 22.99
per word majority baseline: 61.65
random seed: 1
num epochs: 64
accuracy: 68.81
----
random seed: 2
num epochs: 60
accuracy: 69.26
----
random seed: 3
num epochs: 64
accuracy: 70.17
----
random seed: 4
num epochs: 64
accuracy: 73.18
----
all trials finished
mean epochs: 63.0
mean score: 70.35
standard deviation: 1.7
########
Beginning POS evaluation for et
majority label baseline: 19.97
per word majority baseline: 69.37
random seed: 1
num epochs: 58
accuracy: 89.56
----
random seed: 2
num epochs: 64
accuracy: 87.99
----
random seed: 3
num epochs: 64
accuracy: 89.99
----
random seed: 4
num epochs: 64
accuracy: 87.16
----
all trials finished
mean epochs: 62.5
mean score: 88.68
standard deviation: 1.15
########
Beginning POS evaluation for fi
majority label baseline: 23.24
per word majority baseline: 70.78
random seed: 1
num epochs: 58
accuracy: 84.95
----
random seed: 2
num epochs: 64
accuracy: 88.43
----
random seed: 3
num epochs: 64
accuracy: 87.52
----
random seed: 4
num epochs: 64
accuracy: 87.69
----
all trials finished
mean epochs: 62.5
mean score: 87.15
standard deviation: 1.31
########
Beginning POS evaluation for hu
majority label baseline: 22.42
per word majority baseline: 60.37
random seed: 1
num epochs: 62
accuracy: 95.36
----
random seed: 2
num epochs: 64
accuracy: 94.98
----
random seed: 3
num epochs: 64
accuracy: 95.32
----
random seed: 4
num epochs: 64
accuracy: 95.23
----
all trials finished
mean epochs: 63.5
mean score: 95.22
standard deviation: 0.15
########
Beginning POS evaluation for ru
majority label baseline: 23.84
per word majority baseline: 88.62
random seed: 1
num epochs: 64
accuracy: 93.95
----
random seed: 2
num epochs: 64
accuracy: 94.71
----
random seed: 3
num epochs: 64
accuracy: 94.39
----
random seed: 4
num epochs: 62
accuracy: 90.71
----
all trials finished
mean epochs: 63.5
mean score: 93.44
standard deviation: 1.6
