Pytorch version: 1.13.1
Pytorch CUDA version: 11.7
GPUs available: True
########
Beginning POS evaluation for sme
majority label baseline: 22.99
per word majority baseline: 61.65
random seed: 1
num epochs: 64
accuracy: 69.96
----
random seed: 2
num epochs: 64
accuracy: 68.39
----
random seed: 3
num epochs: 62
accuracy: 72.46
----
random seed: 4
num epochs: 64
accuracy: 71.68
----
all trials finished
mean epochs: 63.5
mean score: 70.62
standard deviation: 1.57
########
Beginning POS evaluation for et
majority label baseline: 19.97
per word majority baseline: 69.37
random seed: 1
num epochs: 64
accuracy: 94.83
----
random seed: 2
num epochs: 52
accuracy: 94.6
----
random seed: 3
num epochs: 64
accuracy: 94.95
----
random seed: 4
num epochs: 62
accuracy: 94.73
----
all trials finished
mean epochs: 60.5
mean score: 94.78
standard deviation: 0.13
########
Beginning POS evaluation for fi
majority label baseline: 23.24
per word majority baseline: 70.78
random seed: 1
num epochs: 62
accuracy: 96.76
----
random seed: 2
num epochs: 62
accuracy: 96.81
----
random seed: 3
num epochs: 40
accuracy: 96.63
----
random seed: 4
num epochs: 58
accuracy: 96.84
----
all trials finished
mean epochs: 55.5
mean score: 96.76
standard deviation: 0.08
########
Beginning POS evaluation for hu
majority label baseline: 22.42
per word majority baseline: 60.37
random seed: 1
num epochs: 64
accuracy: 94.96
----
random seed: 2
num epochs: 64
accuracy: 94.02
----
random seed: 3
num epochs: 64
accuracy: 95.07
----
random seed: 4
num epochs: 64
accuracy: 94.93
----
all trials finished
mean epochs: 64.0
mean score: 94.74
standard deviation: 0.42
