Pytorch version: 1.13.1
Pytorch CUDA version: 11.7
GPUs available: True
########
Beginning POS evaluation for myv
majority label baseline: 24.14
per word majority baseline: 55.97
random seed: 1
num epochs: 64
accuracy: 49.93
----
random seed: 2
num epochs: 64
accuracy: 61.79
----
random seed: 3
num epochs: 64
accuracy: 61.47
----
random seed: 4
num epochs: 64
accuracy: 60.58
----
all trials finished
mean epochs: 64.0
mean score: 58.44
standard deviation: 4.94
########
Beginning POS evaluation for sme
majority label baseline: 22.99
per word majority baseline: 61.65
random seed: 1
num epochs: 64
accuracy: 61.83
----
random seed: 2
num epochs: 62
accuracy: 61.48
----
random seed: 3
num epochs: 64
accuracy: 61.03
----
random seed: 4
num epochs: 64
accuracy: 64.68
----
all trials finished
mean epochs: 63.5
mean score: 62.25
standard deviation: 1.43
########
Beginning POS evaluation for et
majority label baseline: 19.97
per word majority baseline: 69.37
random seed: 1
num epochs: 64
accuracy: 84.02
----
random seed: 2
num epochs: 64
accuracy: 86.3
----
random seed: 3
num epochs: 64
accuracy: 84.27
----
random seed: 4
num epochs: 56
accuracy: 83.93
----
all trials finished
mean epochs: 62.0
mean score: 84.63
standard deviation: 0.97
########
Beginning POS evaluation for fi
majority label baseline: 23.24
per word majority baseline: 70.78
random seed: 1
num epochs: 64
accuracy: 80.73
----
random seed: 2
num epochs: 64
accuracy: 82.7
----
random seed: 3
num epochs: 62
accuracy: 82.35
----
random seed: 4
num epochs: 64
accuracy: 86.04
----
all trials finished
mean epochs: 63.5
mean score: 82.95
standard deviation: 1.93
########
Beginning POS evaluation for hu
majority label baseline: 22.42
per word majority baseline: 60.37
random seed: 1
num epochs: 62
accuracy: 93.42
----
random seed: 2
num epochs: 62
accuracy: 94.51
----
random seed: 3
num epochs: 62
accuracy: 94.92
----
random seed: 4
num epochs: 64
accuracy: 93.4
----
all trials finished
mean epochs: 62.5
mean score: 94.06
standard deviation: 0.67
########
Beginning POS evaluation for ru
majority label baseline: 23.84
per word majority baseline: 88.62
random seed: 1
num epochs: 64
accuracy: 91.81
----
random seed: 2
num epochs: 64
accuracy: 89.5
----
random seed: 3
num epochs: 62
accuracy: 94.78
----
random seed: 4
num epochs: 62
accuracy: 90.47
----
all trials finished
mean epochs: 63.0
mean score: 91.64
standard deviation: 1.99
