Config file: configs/uralic_mrl_ner_xlmr-cpt-full_emb-32k-f.yml
Pytorch version: 1.13.1
Pytorch CUDA version: 11.7
GPUs available: True
########
Beginning NER evaluation for myv
majority label baseline: 73.47
per word majority baseline: 81.04
random seed: 1
num epochs: 32
f1: 90.88
----
random seed: 2
num epochs: 28
f1: 90.92
----
random seed: 3
num epochs: 18
f1: 86.9
----
random seed: 4
num epochs: 28
f1: 88.84
----
all trials finished
mean epochs: 26.5
mean f1: 89.38
standard deviation: 1.67
########
Beginning NER evaluation for et
majority label baseline: 66.57
per word majority baseline: 82.44
random seed: 1
num epochs: 30
f1: 92.42
----
random seed: 2
num epochs: 30
f1: 92.38
----
random seed: 3
num epochs: 30
f1: 92.58
----
random seed: 4
num epochs: 28
f1: 92.64
----
all trials finished
mean epochs: 29.5
mean f1: 92.5
standard deviation: 0.11
########
Beginning NER evaluation for fi
majority label baseline: 67.93
per word majority baseline: 86.37
random seed: 1
num epochs: 32
f1: 89.54
----
random seed: 2
num epochs: 28
f1: 89.76
----
random seed: 3
num epochs: 32
f1: 90.08
----
random seed: 4
num epochs: 32
f1: 89.95
----
all trials finished
mean epochs: 31.0
mean f1: 89.83
standard deviation: 0.2
########
Beginning NER evaluation for hu
majority label baseline: 69.11
per word majority baseline: 88.01
random seed: 1
num epochs: 18
f1: 90.53
----
random seed: 2
num epochs: 32
f1: 91.67
----
random seed: 3
num epochs: 32
f1: 91.37
----
random seed: 4
num epochs: 30
f1: 91.32
----
all trials finished
mean epochs: 28.0
mean f1: 91.22
standard deviation: 0.42
########
Beginning NER evaluation for ru
majority label baseline: 50.83
per word majority baseline: 83.06
random seed: 1
num epochs: 30
f1: 90.26
----
random seed: 2
num epochs: 32
f1: 90.47
----
random seed: 3
num epochs: 30
f1: 90.38
----
random seed: 4
num epochs: 32
f1: 90.46
----
all trials finished
mean epochs: 31.0
mean f1: 90.39
standard deviation: 0.08
