Config file: configs/uralic_mrl_pos_xlmr-cpt_emb-32k-si.yml
Pytorch version: 1.13.1
Pytorch CUDA version: 11.7
GPUs available: True
########
Beginning POS evaluation for myv
majority label baseline: 24.14
per word majority baseline: 55.97
random seed: 1
num epochs: 64
accuracy: 58.07
----
random seed: 2
num epochs: 64
accuracy: 58.22
----
random seed: 3
num epochs: 64
accuracy: 58.31
----
random seed: 4
num epochs: 34
accuracy: 48.73
----
all trials finished
mean epochs: 56.5
mean accuracy: 55.83
standard deviation: 4.1
########
Beginning POS evaluation for sme
majority label baseline: 22.99
per word majority baseline: 61.65
random seed: 1
num epochs: 64
accuracy: 68.29
----
random seed: 2
num epochs: 64
accuracy: 68.97
----
random seed: 3
num epochs: 64
accuracy: 69.37
----
random seed: 4
num epochs: 64
accuracy: 72.45
----
all trials finished
mean epochs: 64.0
mean accuracy: 69.77
standard deviation: 1.59
########
Beginning POS evaluation for et
majority label baseline: 19.97
per word majority baseline: 69.37
random seed: 1
num epochs: 64
accuracy: 92.87
----
random seed: 2
num epochs: 56
accuracy: 92.83
----
random seed: 3
num epochs: 64
accuracy: 93.15
----
random seed: 4
num epochs: 64
accuracy: 92.46
----
all trials finished
mean epochs: 62.0
mean accuracy: 92.83
standard deviation: 0.25
########
Beginning POS evaluation for fi
majority label baseline: 23.24
per word majority baseline: 70.78
random seed: 1
num epochs: 64
accuracy: 95.39
----
random seed: 2
num epochs: 64
accuracy: 95.44
----
random seed: 3
num epochs: 60
accuracy: 95.38
----
random seed: 4
num epochs: 62
accuracy: 95.47
----
all trials finished
mean epochs: 62.5
mean accuracy: 95.42
standard deviation: 0.04
########
Beginning POS evaluation for hu
majority label baseline: 22.42
per word majority baseline: 60.37
random seed: 1
num epochs: 64
accuracy: 93.3
----
random seed: 2
num epochs: 64
accuracy: 91.51
----
random seed: 3
num epochs: 62
accuracy: 94.32
----
random seed: 4
num epochs: 64
accuracy: 90.13
----
all trials finished
mean epochs: 63.5
mean accuracy: 92.32
standard deviation: 1.61
########
Beginning POS evaluation for ru
majority label baseline: 23.84
per word majority baseline: 88.62
random seed: 1
num epochs: 50
accuracy: 98.29
----
random seed: 2
num epochs: 56
accuracy: 98.33
----
random seed: 3
num epochs: 60
accuracy: 98.22
----
random seed: 4
num epochs: 64
accuracy: 98.32
----
all trials finished
mean epochs: 57.5
mean accuracy: 98.29
standard deviation: 0.04
