Config file: configs/uralic_mrl_pos_xlmr-cpt_emb-32k-sp.yml
Pytorch version: 1.13.1
Pytorch CUDA version: 11.7
GPUs available: True
########
Beginning POS evaluation for myv
majority label baseline: 24.14
per word majority baseline: 55.97
random seed: 1
num epochs: 62
accuracy: 58.76
----
random seed: 2
num epochs: 64
accuracy: 48.76
----
random seed: 3
num epochs: 64
accuracy: 52.02
----
random seed: 4
num epochs: 64
accuracy: 58.51
----
all trials finished
mean epochs: 63.5
mean accuracy: 54.51
standard deviation: 4.28
########
Beginning POS evaluation for sme
majority label baseline: 22.99
per word majority baseline: 61.65
random seed: 1
num epochs: 64
accuracy: 65.81
----
random seed: 2
num epochs: 64
accuracy: 65.0
----
random seed: 3
num epochs: 50
accuracy: 62.36
----
random seed: 4
num epochs: 64
accuracy: 67.83
----
all trials finished
mean epochs: 60.5
mean accuracy: 65.25
standard deviation: 1.96
########
Beginning POS evaluation for et
majority label baseline: 19.97
per word majority baseline: 69.37
random seed: 1
num epochs: 64
accuracy: 74.64
----
random seed: 2
num epochs: 64
accuracy: 74.1
----
random seed: 3
num epochs: 62
accuracy: 73.01
----
random seed: 4
num epochs: 64
accuracy: 75.11
----
all trials finished
mean epochs: 63.5
mean accuracy: 74.22
standard deviation: 0.78
########
Beginning POS evaluation for fi
majority label baseline: 23.24
per word majority baseline: 70.78
random seed: 1
num epochs: 64
accuracy: 79.77
----
random seed: 2
num epochs: 64
accuracy: 79.54
----
random seed: 3
num epochs: 64
accuracy: 78.39
----
random seed: 4
num epochs: 64
accuracy: 80.4
----
all trials finished
mean epochs: 64.0
mean accuracy: 79.52
standard deviation: 0.73
########
Beginning POS evaluation for hu
majority label baseline: 22.42
per word majority baseline: 60.37
random seed: 1
num epochs: 64
accuracy: 66.19
----
random seed: 2
num epochs: 64
accuracy: 62.15
----
random seed: 3
num epochs: 60
accuracy: 60.83
----
random seed: 4
num epochs: 60
accuracy: 59.06
----
all trials finished
mean epochs: 62.0
mean accuracy: 62.06
standard deviation: 2.63
########
Beginning POS evaluation for ru
majority label baseline: 23.84
per word majority baseline: 88.62
random seed: 1
num epochs: 64
accuracy: 94.68
----
random seed: 2
num epochs: 64
accuracy: 95.2
----
random seed: 3
num epochs: 64
accuracy: 94.17
----
random seed: 4
num epochs: 64
accuracy: 94.93
----
all trials finished
mean epochs: 64.0
mean accuracy: 94.74
standard deviation: 0.38
