Config file: configs/uralic_mrl_pos_xlmr-cpt_emb-32k-f.yml
Pytorch version: 1.13.1
Pytorch CUDA version: 11.7
GPUs available: True
########
Beginning POS evaluation for myv
majority label baseline: 24.14
per word majority baseline: 55.97
random seed: 1
num epochs: 64
accuracy: 66.4
----
random seed: 2
num epochs: 64
accuracy: 67.53
----
random seed: 3
num epochs: 64
accuracy: 66.91
----
random seed: 4
num epochs: 64
accuracy: 64.41
----
all trials finished
mean epochs: 64.0
mean accuracy: 66.31
standard deviation: 1.17
########
Beginning POS evaluation for sme
majority label baseline: 22.99
per word majority baseline: 61.65
random seed: 1
num epochs: 60
accuracy: 73.06
----
random seed: 2
num epochs: 64
accuracy: 75.37
----
random seed: 3
num epochs: 64
accuracy: 71.02
----
random seed: 4
num epochs: 64
accuracy: 73.78
----
all trials finished
mean epochs: 63.0
mean accuracy: 73.31
standard deviation: 1.56
########
Beginning POS evaluation for et
majority label baseline: 19.97
per word majority baseline: 69.37
random seed: 1
num epochs: 56
accuracy: 94.67
----
random seed: 2
num epochs: 64
accuracy: 94.45
----
random seed: 3
num epochs: 62
accuracy: 94.8
----
random seed: 4
num epochs: 64
accuracy: 94.73
----
all trials finished
mean epochs: 61.5
mean accuracy: 94.66
standard deviation: 0.13
########
Beginning POS evaluation for fi
majority label baseline: 23.24
per word majority baseline: 70.78
random seed: 1
num epochs: 64
accuracy: 97.0
----
random seed: 2
num epochs: 64
accuracy: 96.97
----
random seed: 3
num epochs: 52
accuracy: 96.65
----
random seed: 4
num epochs: 48
accuracy: 96.65
----
all trials finished
mean epochs: 57.0
mean accuracy: 96.82
standard deviation: 0.16
########
Beginning POS evaluation for hu
majority label baseline: 22.42
per word majority baseline: 60.37
random seed: 1
num epochs: 64
accuracy: 95.12
----
random seed: 2
num epochs: 64
accuracy: 94.77
----
random seed: 3
num epochs: 64
accuracy: 93.64
----
random seed: 4
num epochs: 62
accuracy: 93.3
----
all trials finished
mean epochs: 63.5
mean accuracy: 94.21
standard deviation: 0.76
########
Beginning POS evaluation for ru
majority label baseline: 23.84
per word majority baseline: 88.62
random seed: 1
num epochs: 60
accuracy: 98.39
----
random seed: 2
num epochs: 62
accuracy: 98.44
----
random seed: 3
num epochs: 34
accuracy: 98.34
----
random seed: 4
num epochs: 58
accuracy: 98.46
----
all trials finished
mean epochs: 53.5
mean accuracy: 98.41
standard deviation: 0.05
