Config file: configs/uralic_mrl_pos_xlmr-cpt_emb-32k-i.yml
Pytorch version: 1.13.1
Pytorch CUDA version: 11.7
GPUs available: True
########
Beginning POS evaluation for myv
majority label baseline: 24.14
per word majority baseline: 55.97
random seed: 1
num epochs: 8
accuracy: 48.04
----
random seed: 2
num epochs: 32
accuracy: 47.75
----
random seed: 3
num epochs: 64
accuracy: 52.01
----
random seed: 4
num epochs: 64
accuracy: 49.19
----
all trials finished
mean epochs: 42.0
mean accuracy: 49.25
standard deviation: 1.69
########
Beginning POS evaluation for sme
majority label baseline: 22.99
per word majority baseline: 61.65
random seed: 1
num epochs: 64
accuracy: 64.71
----
random seed: 2
num epochs: 64
accuracy: 62.9
----
random seed: 3
num epochs: 64
accuracy: 64.59
----
random seed: 4
num epochs: 64
accuracy: 66.55
----
all trials finished
mean epochs: 64.0
mean accuracy: 64.69
standard deviation: 1.29
########
Beginning POS evaluation for et
majority label baseline: 19.97
per word majority baseline: 69.37
random seed: 1
num epochs: 64
accuracy: 89.97
----
random seed: 2
num epochs: 62
accuracy: 90.92
----
random seed: 3
num epochs: 64
accuracy: 90.6
----
random seed: 4
num epochs: 64
accuracy: 90.87
----
all trials finished
mean epochs: 63.5
mean accuracy: 90.59
standard deviation: 0.38
########
Beginning POS evaluation for fi
majority label baseline: 23.24
per word majority baseline: 70.78
random seed: 1
num epochs: 56
accuracy: 94.39
----
random seed: 2
num epochs: 62
accuracy: 94.45
----
random seed: 3
num epochs: 64
accuracy: 94.39
----
random seed: 4
num epochs: 60
accuracy: 94.36
----
all trials finished
mean epochs: 60.5
mean accuracy: 94.4
standard deviation: 0.03
########
Beginning POS evaluation for hu
majority label baseline: 22.42
per word majority baseline: 60.37
random seed: 1
num epochs: 64
accuracy: 84.34
----
random seed: 2
num epochs: 64
accuracy: 85.67
----
random seed: 3
num epochs: 64
accuracy: 80.61
----
random seed: 4
num epochs: 64
accuracy: 88.63
----
all trials finished
mean epochs: 64.0
mean accuracy: 84.81
standard deviation: 2.88
########
Beginning POS evaluation for ru
majority label baseline: 23.84
per word majority baseline: 88.62
random seed: 1
num epochs: 62
accuracy: 97.95
----
random seed: 2
num epochs: 62
accuracy: 97.91
----
random seed: 3
num epochs: 64
accuracy: 98.02
----
random seed: 4
num epochs: 64
accuracy: 97.81
----
all trials finished
mean epochs: 63.0
mean accuracy: 97.92
standard deviation: 0.08
