Config file: configs/uralic_mrl_ner_xlmr-cpt-full_emb-32k-spi.yml
Pytorch version: 1.13.1
Pytorch CUDA version: 11.7
GPUs available: True
########
Beginning NER evaluation for myv
majority label baseline: 73.47
per word majority baseline: 81.04
random seed: 1
num epochs: 26
f1: 88.84
----
random seed: 2
num epochs: 20
f1: 89.25
----
random seed: 3
num epochs: 22
f1: 87.9
----
random seed: 4
num epochs: 30
f1: 88.91
----
all trials finished
mean epochs: 24.5
mean f1: 88.72
standard deviation: 0.5
########
Beginning NER evaluation for et
majority label baseline: 66.57
per word majority baseline: 82.44
random seed: 1
num epochs: 26
f1: 91.94
----
random seed: 2
num epochs: 32
f1: 92.81
----
random seed: 3
num epochs: 32
f1: 92.26
----
random seed: 4
num epochs: 22
f1: 91.79
----
all trials finished
mean epochs: 28.0
mean f1: 92.2
standard deviation: 0.39
########
Beginning NER evaluation for fi
majority label baseline: 67.93
per word majority baseline: 86.37
random seed: 1
num epochs: 32
f1: 89.18
----
random seed: 2
num epochs: 28
f1: 89.14
----
random seed: 3
num epochs: 32
f1: 89.05
----
random seed: 4
num epochs: 32
f1: 89.57
----
all trials finished
mean epochs: 31.0
mean f1: 89.23
standard deviation: 0.2
########
Beginning NER evaluation for hu
majority label baseline: 69.11
per word majority baseline: 88.01
random seed: 1
num epochs: 24
f1: 90.62
----
random seed: 2
num epochs: 32
f1: 91.25
----
random seed: 3
num epochs: 32
f1: 90.7
----
random seed: 4
num epochs: 32
f1: 90.93
----
all trials finished
mean epochs: 30.0
mean f1: 90.87
standard deviation: 0.24
########
Beginning NER evaluation for ru
majority label baseline: 50.83
per word majority baseline: 83.06
random seed: 1
num epochs: 32
f1: 90.05
----
random seed: 2
num epochs: 28
f1: 90.05
----
random seed: 3
num epochs: 32
f1: 90.05
----
random seed: 4
num epochs: 28
f1: 90.28
----
all trials finished
mean epochs: 30.0
mean f1: 90.11
standard deviation: 0.1
