Config file: configs/uralic_mrl_pos_xlmr-cpt-full_emb-32k-f.yml
Pytorch version: 1.13.1
Pytorch CUDA version: 11.7
GPUs available: True
########
Beginning POS evaluation for myv
majority label baseline: 24.14
per word majority baseline: 55.97
random seed: 1
num epochs: 64
accuracy: 76.04
----
random seed: 2
num epochs: 64
accuracy: 69.26
----
random seed: 3
num epochs: 64
accuracy: 74.05
----
random seed: 4
num epochs: 64
accuracy: 75.84
----
all trials finished
mean epochs: 64.0
mean accuracy: 73.8
standard deviation: 2.73
########
Beginning POS evaluation for sme
majority label baseline: 22.99
per word majority baseline: 61.65
random seed: 1
num epochs: 64
accuracy: 79.27
----
random seed: 2
num epochs: 64
accuracy: 81.21
----
random seed: 3
num epochs: 64
accuracy: 78.32
----
random seed: 4
num epochs: 64
accuracy: 81.78
----
all trials finished
mean epochs: 64.0
mean accuracy: 80.14
standard deviation: 1.4
########
Beginning POS evaluation for et
majority label baseline: 19.97
per word majority baseline: 69.37
random seed: 1
num epochs: 64
accuracy: 94.95
----
random seed: 2
num epochs: 64
accuracy: 95.41
----
random seed: 3
num epochs: 64
accuracy: 95.46
----
random seed: 4
num epochs: 60
accuracy: 95.55
----
all trials finished
mean epochs: 63.0
mean accuracy: 95.34
standard deviation: 0.23
########
Beginning POS evaluation for fi
majority label baseline: 23.24
per word majority baseline: 70.78
random seed: 1
num epochs: 46
accuracy: 97.07
----
random seed: 2
num epochs: 64
accuracy: 97.38
----
random seed: 3
num epochs: 56
accuracy: 97.19
----
random seed: 4
num epochs: 64
accuracy: 97.27
----
all trials finished
mean epochs: 57.5
mean accuracy: 97.23
standard deviation: 0.11
########
Beginning POS evaluation for hu
majority label baseline: 22.42
per word majority baseline: 60.37
random seed: 1
num epochs: 62
accuracy: 93.55
----
random seed: 2
num epochs: 64
accuracy: 93.25
----
random seed: 3
num epochs: 64
accuracy: 89.72
----
random seed: 4
num epochs: 64
accuracy: 93.56
----
all trials finished
mean epochs: 63.5
mean accuracy: 92.52
standard deviation: 1.62
########
Beginning POS evaluation for ru
majority label baseline: 23.84
per word majority baseline: 88.62
random seed: 1
num epochs: 32
accuracy: 98.37
----
random seed: 2
num epochs: 36
accuracy: 98.43
----
random seed: 3
num epochs: 60
accuracy: 98.47
----
random seed: 4
num epochs: 46
accuracy: 98.46
----
all trials finished
mean epochs: 43.5
mean accuracy: 98.43
standard deviation: 0.04
