Config file: configs/uralic_mrl_pos_xlmr-cpt-full_emb-32k-s.yml
Pytorch version: 1.13.1
Pytorch CUDA version: 11.7
GPUs available: True
########
Beginning POS evaluation for myv
majority label baseline: 24.14
per word majority baseline: 55.97
random seed: 1
num epochs: 64
accuracy: 69.98
----
random seed: 2
num epochs: 64
accuracy: 70.68
----
random seed: 3
num epochs: 64
accuracy: 60.06
----
random seed: 4
num epochs: 62
accuracy: 62.75
----
all trials finished
mean epochs: 63.5
mean accuracy: 65.87
standard deviation: 4.57
########
Beginning POS evaluation for sme
majority label baseline: 22.99
per word majority baseline: 61.65
random seed: 1
num epochs: 62
accuracy: 74.08
----
random seed: 2
num epochs: 64
accuracy: 74.49
----
random seed: 3
num epochs: 64
accuracy: 70.71
----
random seed: 4
num epochs: 62
accuracy: 74.61
----
all trials finished
mean epochs: 63.0
mean accuracy: 73.47
standard deviation: 1.61
########
Beginning POS evaluation for et
majority label baseline: 19.97
per word majority baseline: 69.37
random seed: 1
num epochs: 64
accuracy: 86.09
----
random seed: 2
num epochs: 62
accuracy: 87.02
----
random seed: 3
num epochs: 64
accuracy: 83.42
----
random seed: 4
num epochs: 64
accuracy: 85.68
----
all trials finished
mean epochs: 63.5
mean accuracy: 85.55
standard deviation: 1.33
########
Beginning POS evaluation for fi
majority label baseline: 23.24
per word majority baseline: 70.78
random seed: 1
num epochs: 64
accuracy: 89.05
----
random seed: 2
num epochs: 64
accuracy: 89.05
----
random seed: 3
num epochs: 64
accuracy: 89.46
----
random seed: 4
num epochs: 64
accuracy: 88.73
----
all trials finished
mean epochs: 64.0
mean accuracy: 89.07
standard deviation: 0.26
########
Beginning POS evaluation for hu
majority label baseline: 22.42
per word majority baseline: 60.37
random seed: 1
num epochs: 64
accuracy: 85.4
----
random seed: 2
num epochs: 64
accuracy: 85.0
----
random seed: 3
num epochs: 64
accuracy: 85.45
----
random seed: 4
num epochs: 60
accuracy: 84.95
----
all trials finished
mean epochs: 63.0
mean accuracy: 85.2
standard deviation: 0.23
########
Beginning POS evaluation for ru
majority label baseline: 23.84
per word majority baseline: 88.62
random seed: 1
num epochs: 64
accuracy: 96.94
----
random seed: 2
num epochs: 64
accuracy: 96.86
----
random seed: 3
num epochs: 64
accuracy: 96.82
----
random seed: 4
num epochs: 64
accuracy: 96.93
----
all trials finished
mean epochs: 64.0
mean accuracy: 96.89
standard deviation: 0.05
