Config file: configs/multi_mrl_pos_xlmr-cpt_emb-32k-i.yml
Pytorch version: 1.13.1
Pytorch CUDA version: 11.7
GPUs available: True
########
Beginning POS evaluation for hy
majority label baseline: 25.87
per word majority baseline: 65.12
random seed: 1
num epochs: 64
accuracy: 88.96
----
random seed: 2
num epochs: 64
accuracy: 89.05
----
random seed: 3
num epochs: 64
accuracy: 88.85
----
random seed: 4
num epochs: 64
accuracy: 90.89
----
all trials finished
mean epochs: 64.0
mean accuracy: 89.44
standard deviation: 0.84
########
Beginning POS evaluation for eu
majority label baseline: 24.36
per word majority baseline: 77.55
random seed: 1
num epochs: 64
accuracy: 91.04
----
random seed: 2
num epochs: 64
accuracy: 91.15
----
random seed: 3
num epochs: 64
accuracy: 90.15
----
random seed: 4
num epochs: 64
accuracy: 89.83
----
all trials finished
mean epochs: 64.0
mean accuracy: 90.54
standard deviation: 0.57
########
Beginning POS evaluation for myv
majority label baseline: 24.14
per word majority baseline: 55.97
random seed: 1
num epochs: 64
accuracy: 46.36
----
random seed: 2
num epochs: 64
accuracy: 57.3
----
random seed: 3
num epochs: 62
accuracy: 47.14
----
random seed: 4
num epochs: 64
accuracy: 46.49
----
all trials finished
mean epochs: 63.5
mean accuracy: 49.33
standard deviation: 4.62
########
Beginning POS evaluation for et
majority label baseline: 19.97
per word majority baseline: 69.37
random seed: 1
num epochs: 64
accuracy: 92.02
----
random seed: 2
num epochs: 64
accuracy: 92.11
----
random seed: 3
num epochs: 62
accuracy: 92.06
----
random seed: 4
num epochs: 64
accuracy: 90.81
----
all trials finished
mean epochs: 63.5
mean accuracy: 91.75
standard deviation: 0.54
########
Beginning POS evaluation for he
majority label baseline: 23.66
per word majority baseline: 85.82
random seed: 1
num epochs: 64
accuracy: 96.3
----
random seed: 2
num epochs: 64
accuracy: 96.06
----
random seed: 3
num epochs: 60
accuracy: 96.13
----
random seed: 4
num epochs: 62
accuracy: 96.33
----
all trials finished
mean epochs: 62.5
mean accuracy: 96.2
standard deviation: 0.11
########
Beginning POS evaluation for ru
majority label baseline: 23.84
per word majority baseline: 88.62
random seed: 1
num epochs: 62
accuracy: 98.2
----
random seed: 2
num epochs: 58
accuracy: 98.15
----
random seed: 3
num epochs: 64
accuracy: 98.08
----
random seed: 4
num epochs: 58
accuracy: 97.99
----
all trials finished
mean epochs: 60.5
mean accuracy: 98.11
standard deviation: 0.08
########
Beginning POS evaluation for sme
majority label baseline: 22.99
per word majority baseline: 61.65
random seed: 1
num epochs: 64
accuracy: 63.64
----
random seed: 2
num epochs: 62
accuracy: 65.87
----
random seed: 3
num epochs: 60
accuracy: 66.33
----
random seed: 4
num epochs: 64
accuracy: 66.46
----
all trials finished
mean epochs: 62.5
mean accuracy: 65.58
standard deviation: 1.14
########
Beginning POS evaluation for te
majority label baseline: 22.77
per word majority baseline: 72.4
random seed: 1
num epochs: 58
accuracy: 85.85
----
random seed: 2
num epochs: 38
accuracy: 81.97
----
random seed: 3
num epochs: 60
accuracy: 82.66
----
random seed: 4
num epochs: 64
accuracy: 85.58
----
all trials finished
mean epochs: 55.0
mean accuracy: 84.02
standard deviation: 1.72
