Config file: configs/multi_mrl_pos_xlmr-cpt_emb-32k.yml
Pytorch version: 1.13.1
Pytorch CUDA version: 11.7
GPUs available: True
########
Beginning POS evaluation for hy
majority label baseline: 25.87
per word majority baseline: 65.12
random seed: 1
num epochs: 64
accuracy: 44.72
----
random seed: 2
num epochs: 64
accuracy: 50.81
----
random seed: 3
num epochs: 60
accuracy: 49.15
----
random seed: 4
num epochs: 60
accuracy: 50.06
----
all trials finished
mean epochs: 62.0
mean accuracy: 48.68
standard deviation: 2.36
########
Beginning POS evaluation for eu
majority label baseline: 24.36
per word majority baseline: 77.55
random seed: 1
num epochs: 64
accuracy: 60.27
----
random seed: 2
num epochs: 64
accuracy: 65.89
----
random seed: 3
num epochs: 64
accuracy: 66.3
----
random seed: 4
num epochs: 64
accuracy: 52.55
----
all trials finished
mean epochs: 64.0
mean accuracy: 61.25
standard deviation: 5.56
########
Beginning POS evaluation for myv
majority label baseline: 24.14
per word majority baseline: 55.97
random seed: 1
num epochs: 56
accuracy: 46.34
----
random seed: 2
num epochs: 42
accuracy: 46.33
----
random seed: 3
num epochs: 64
accuracy: 45.52
----
random seed: 4
num epochs: 56
accuracy: 45.93
----
all trials finished
mean epochs: 54.5
mean accuracy: 46.03
standard deviation: 0.34
########
Beginning POS evaluation for et
majority label baseline: 19.97
per word majority baseline: 69.37
random seed: 1
num epochs: 64
accuracy: 71.52
----
random seed: 2
num epochs: 62
accuracy: 61.57
----
random seed: 3
num epochs: 64
accuracy: 63.7
----
random seed: 4
num epochs: 64
accuracy: 68.34
----
all trials finished
mean epochs: 63.5
mean accuracy: 66.28
standard deviation: 3.89
########
Beginning POS evaluation for he
majority label baseline: 23.66
per word majority baseline: 85.82
random seed: 1
num epochs: 64
accuracy: 76.63
----
random seed: 2
num epochs: 64
accuracy: 71.82
----
random seed: 3
num epochs: 64
accuracy: 69.13
----
random seed: 4
num epochs: 64
accuracy: 77.23
----
all trials finished
mean epochs: 64.0
mean accuracy: 73.7
standard deviation: 3.37
########
Beginning POS evaluation for ru
majority label baseline: 23.84
per word majority baseline: 88.62
random seed: 1
num epochs: 64
accuracy: 85.43
----
random seed: 2
num epochs: 64
accuracy: 86.87
----
random seed: 3
num epochs: 64
accuracy: 84.14
----
random seed: 4
num epochs: 64
accuracy: 83.87
----
all trials finished
mean epochs: 64.0
mean accuracy: 85.08
standard deviation: 1.19
########
Beginning POS evaluation for sme
majority label baseline: 22.99
per word majority baseline: 61.65
random seed: 1
num epochs: 62
accuracy: 47.26
----
random seed: 2
num epochs: 24
accuracy: 38.27
----
random seed: 3
num epochs: 64
accuracy: 50.53
----
random seed: 4
num epochs: 64
accuracy: 42.87
----
all trials finished
mean epochs: 53.5
mean accuracy: 44.73
standard deviation: 4.62
########
Beginning POS evaluation for te
majority label baseline: 22.77
per word majority baseline: 72.4
random seed: 1
num epochs: 64
accuracy: 70.6
----
random seed: 2
num epochs: 64
accuracy: 63.38
----
random seed: 3
num epochs: 60
accuracy: 62.0
----
random seed: 4
num epochs: 60
accuracy: 74.06
----
all trials finished
mean epochs: 62.0
mean accuracy: 67.51
standard deviation: 5.0
