Config file: configs/multi_mrl_ner_xlmr-cpt-full_emb-32k.yml
Pytorch version: 1.13.1
Pytorch CUDA version: 11.7
GPUs available: True
########
Beginning NER evaluation for hy
majority label baseline: 41.35
per word majority baseline: 74.99
random seed: 1
num epochs: 14
f1: 69.72
----
random seed: 2
num epochs: 32
f1: 74.82
----
random seed: 3
num epochs: 16
f1: 63.03
----
random seed: 4
num epochs: 30
f1: 72.06
----
all trials finished
mean epochs: 23.0
mean f1: 69.91
standard deviation: 4.36
########
Beginning NER evaluation for eu
majority label baseline: 70.03
per word majority baseline: 88.88
random seed: 1
num epochs: 30
f1: 81.1
----
random seed: 2
num epochs: 32
f1: 80.07
----
random seed: 3
num epochs: 32
f1: 81.09
----
random seed: 4
num epochs: 30
f1: 81.42
----
all trials finished
mean epochs: 31.0
mean f1: 80.92
standard deviation: 0.51
########
Beginning NER evaluation for myv
majority label baseline: 73.47
per word majority baseline: 81.04
random seed: 1
num epochs: 32
f1: 74.84
----
random seed: 2
num epochs: 30
f1: 74.49
----
random seed: 3
num epochs: 30
f1: 77.66
----
random seed: 4
num epochs: 24
f1: 73.68
----
all trials finished
mean epochs: 29.0
mean f1: 75.17
standard deviation: 1.5
########
Beginning NER evaluation for et
majority label baseline: 66.44
per word majority baseline: 81.42
random seed: 1
num epochs: 32
f1: 67.55
----
random seed: 2
num epochs: 32
f1: 73.26
----
random seed: 3
num epochs: 32
f1: 69.89
----
random seed: 4
num epochs: 32
f1: 71.39
----
all trials finished
mean epochs: 32.0
mean f1: 70.52
standard deviation: 2.09
########
Beginning NER evaluation for he
majority label baseline: 64.14
per word majority baseline: 81.71
random seed: 1
num epochs: 32
f1: 50.35
----
random seed: 2
num epochs: 32
f1: 0.0
----
random seed: 3
num epochs: 30
f1: 49.68
----
random seed: 4
num epochs: 32
f1: 50.88
----
all trials finished
mean epochs: 31.5
mean f1: 37.73
standard deviation: 21.79
########
Beginning NER evaluation for ru
majority label baseline: 50.83
per word majority baseline: 83.06
random seed: 1
num epochs: 32
f1: 69.38
----
random seed: 2
num epochs: 32
f1: 68.9
----
random seed: 3
num epochs: 32
f1: 67.4
----
random seed: 4
num epochs: 32
f1: 68.7
----
all trials finished
mean epochs: 32.0
mean f1: 68.59
standard deviation: 0.73
########
Beginning NER evaluation for te
majority label baseline: 73.11
per word majority baseline: 75.65
random seed: 1
num epochs: 18
f1: 41.21
----
random seed: 2
num epochs: 24
f1: 42.15
----
random seed: 3
num epochs: 22
f1: 44.74
----
random seed: 4
num epochs: 32
f1: 40.39
----
all trials finished
mean epochs: 24.0
mean f1: 42.12
standard deviation: 1.63
