Config file: configs/multi_mrl_ner_xlmr-cpt_emb-32k-si.yml
Pytorch version: 1.13.1
Pytorch CUDA version: 11.7
GPUs available: True
########
Beginning NER evaluation for hy
majority label baseline: 41.35
per word majority baseline: 74.99
random seed: 1
num epochs: 30
f1: 93.37
----
random seed: 2
num epochs: 32
f1: 93.55
----
random seed: 3
num epochs: 30
f1: 93.72
----
random seed: 4
num epochs: 24
f1: 92.54
----
all trials finished
mean epochs: 29.0
mean f1: 93.3
standard deviation: 0.45
########
Beginning NER evaluation for eu
majority label baseline: 70.03
per word majority baseline: 88.88
random seed: 1
num epochs: 30
f1: 93.05
----
random seed: 2
num epochs: 32
f1: 93.42
----
random seed: 3
num epochs: 32
f1: 93.73
----
random seed: 4
num epochs: 32
f1: 93.25
----
all trials finished
mean epochs: 31.5
mean f1: 93.36
standard deviation: 0.25
########
Beginning NER evaluation for myv
majority label baseline: 73.47
per word majority baseline: 81.04
random seed: 1
num epochs: 32
f1: 83.67
----
random seed: 2
num epochs: 32
f1: 86.9
----
random seed: 3
num epochs: 30
f1: 85.65
----
random seed: 4
num epochs: 32
f1: 87.2
----
all trials finished
mean epochs: 31.5
mean f1: 85.85
standard deviation: 1.39
########
Beginning NER evaluation for et
majority label baseline: 66.44
per word majority baseline: 81.42
random seed: 1
num epochs: 32
f1: 92.13
----
random seed: 2
num epochs: 24
f1: 91.57
----
random seed: 3
num epochs: 32
f1: 92.26
----
random seed: 4
num epochs: 32
f1: 91.79
----
all trials finished
mean epochs: 30.0
mean f1: 91.94
standard deviation: 0.27
########
Beginning NER evaluation for he
majority label baseline: 64.14
per word majority baseline: 81.71
random seed: 1
num epochs: 32
f1: 83.82
----
random seed: 2
num epochs: 32
f1: 83.46
----
random seed: 3
num epochs: 28
f1: 83.56
----
random seed: 4
num epochs: 32
f1: 84.07
----
all trials finished
mean epochs: 31.0
mean f1: 83.73
standard deviation: 0.24
########
Beginning NER evaluation for ru
majority label baseline: 50.83
per word majority baseline: 83.06
random seed: 1
num epochs: 32
f1: 89.77
----
random seed: 2
num epochs: 32
f1: 90.09
----
random seed: 3
num epochs: 30
f1: 89.93
----
random seed: 4
num epochs: 28
f1: 89.75
----
all trials finished
mean epochs: 30.5
mean f1: 89.89
standard deviation: 0.14
########
Beginning NER evaluation for te
majority label baseline: 73.11
per word majority baseline: 75.65
random seed: 1
num epochs: 32
f1: 84.61
----
random seed: 2
num epochs: 32
f1: 81.51
----
random seed: 3
num epochs: 32
f1: 82.48
----
random seed: 4
num epochs: 30
f1: 81.5
----
all trials finished
mean epochs: 31.5
mean f1: 82.52
standard deviation: 1.27
