Config file: configs/multi_mrl_ner_xlmr-cpt-full_emb-32k-f.yml
Pytorch version: 1.13.1
Pytorch CUDA version: 11.7
GPUs available: True
########
Beginning NER evaluation for hy
majority label baseline: 41.35
per word majority baseline: 74.99
random seed: 1
num epochs: 32
f1: 94.36
----
random seed: 2
num epochs: 28
f1: 94.44
----
random seed: 3
num epochs: 26
f1: 93.76
----
random seed: 4
num epochs: 32
f1: 94.04
----
all trials finished
mean epochs: 29.5
mean f1: 94.15
standard deviation: 0.27
########
Beginning NER evaluation for eu
majority label baseline: 70.03
per word majority baseline: 88.88
random seed: 1
num epochs: 28
f1: 93.76
----
random seed: 2
num epochs: 30
f1: 94.16
----
random seed: 3
num epochs: 28
f1: 93.92
----
random seed: 4
num epochs: 30
f1: 94.25
----
all trials finished
mean epochs: 29.0
mean f1: 94.02
standard deviation: 0.19
########
Beginning NER evaluation for myv
majority label baseline: 73.47
per word majority baseline: 81.04
random seed: 1
num epochs: 20
f1: 88.73
----
random seed: 2
num epochs: 24
f1: 90.33
----
random seed: 3
num epochs: 32
f1: 90.84
----
random seed: 4
num epochs: 18
f1: 88.48
----
all trials finished
mean epochs: 23.5
mean f1: 89.59
standard deviation: 1.01
########
Beginning NER evaluation for et
majority label baseline: 66.44
per word majority baseline: 81.42
random seed: 1
num epochs: 20
f1: 91.49
----
random seed: 2
num epochs: 18
f1: 91.58
----
random seed: 3
num epochs: 30
f1: 92.44
----
random seed: 4
num epochs: 32
f1: 92.54
----
all trials finished
mean epochs: 25.0
mean f1: 92.01
standard deviation: 0.48
########
Beginning NER evaluation for he
majority label baseline: 64.14
per word majority baseline: 81.71
random seed: 1
num epochs: 32
f1: 85.17
----
random seed: 2
num epochs: 32
f1: 85.32
----
random seed: 3
num epochs: 32
f1: 84.95
----
random seed: 4
num epochs: 32
f1: 85.3
----
all trials finished
mean epochs: 32.0
mean f1: 85.19
standard deviation: 0.15
########
Beginning NER evaluation for ru
majority label baseline: 50.83
per word majority baseline: 83.06
random seed: 1
num epochs: 30
f1: 90.09
----
random seed: 2
num epochs: 32
f1: 90.36
----
random seed: 3
num epochs: 16
f1: 89.24
----
random seed: 4
num epochs: 28
f1: 90.29
----
all trials finished
mean epochs: 26.5
mean f1: 90.0
standard deviation: 0.45
########
Beginning NER evaluation for te
majority label baseline: 73.11
per word majority baseline: 75.65
random seed: 1
num epochs: 22
f1: 84.87
----
random seed: 2
num epochs: 24
f1: 85.08
----
random seed: 3
num epochs: 32
f1: 85.73
----
random seed: 4
num epochs: 28
f1: 85.92
----
all trials finished
mean epochs: 26.5
mean f1: 85.4
standard deviation: 0.44
