Config file: configs/multi_mrl_ner_xlmr-cpt_emb-32k-spi.yml
Pytorch version: 1.13.1
Pytorch CUDA version: 11.7
GPUs available: True
########
Beginning NER evaluation for hy
majority label baseline: 41.35
per word majority baseline: 74.99
random seed: 1
num epochs: 28
f1: 93.56
----
random seed: 2
num epochs: 30
f1: 93.83
----
random seed: 3
num epochs: 32
f1: 93.97
----
random seed: 4
num epochs: 24
f1: 93.52
----
all trials finished
mean epochs: 28.5
mean f1: 93.72
standard deviation: 0.19
########
Beginning NER evaluation for eu
majority label baseline: 70.03
per word majority baseline: 88.88
random seed: 1
num epochs: 32
f1: 93.44
----
random seed: 2
num epochs: 32
f1: 93.42
----
random seed: 3
num epochs: 26
f1: 93.34
----
random seed: 4
num epochs: 32
f1: 93.74
----
all trials finished
mean epochs: 30.5
mean f1: 93.49
standard deviation: 0.15
########
Beginning NER evaluation for myv
majority label baseline: 73.47
per word majority baseline: 81.04
random seed: 1
num epochs: 28
f1: 86.44
----
random seed: 2
num epochs: 30
f1: 85.96
----
random seed: 3
num epochs: 30
f1: 88.31
----
random seed: 4
num epochs: 32
f1: 88.2
----
all trials finished
mean epochs: 30.0
mean f1: 87.23
standard deviation: 1.04
########
Beginning NER evaluation for et
majority label baseline: 66.44
per word majority baseline: 81.42
random seed: 1
num epochs: 32
f1: 91.57
----
random seed: 2
num epochs: 32
f1: 91.98
----
random seed: 3
num epochs: 32
f1: 91.71
----
random seed: 4
num epochs: 32
f1: 92.16
----
all trials finished
mean epochs: 32.0
mean f1: 91.86
standard deviation: 0.23
########
Beginning NER evaluation for he
majority label baseline: 64.14
per word majority baseline: 81.71
random seed: 1
num epochs: 28
f1: 83.65
----
random seed: 2
num epochs: 32
f1: 84.37
----
random seed: 3
num epochs: 30
f1: 84.05
----
random seed: 4
num epochs: 32
f1: 84.06
----
all trials finished
mean epochs: 30.5
mean f1: 84.03
standard deviation: 0.25
########
Beginning NER evaluation for ru
majority label baseline: 50.83
per word majority baseline: 83.06
random seed: 1
num epochs: 32
f1: 89.76
----
random seed: 2
num epochs: 30
f1: 90.1
----
random seed: 3
num epochs: 32
f1: 89.69
----
random seed: 4
num epochs: 30
f1: 89.94
----
all trials finished
mean epochs: 31.0
mean f1: 89.87
standard deviation: 0.16
########
Beginning NER evaluation for te
majority label baseline: 73.11
per word majority baseline: 75.65
random seed: 1
num epochs: 32
f1: 84.13
----
random seed: 2
num epochs: 32
f1: 83.89
----
random seed: 3
num epochs: 30
f1: 84.54
----
random seed: 4
num epochs: 32
f1: 83.24
----
all trials finished
mean epochs: 31.5
mean f1: 83.95
standard deviation: 0.47
