Config file: configs/multi_mrl_pos_xlmr-cpt-full.yml
Pytorch version: 1.13.1
Pytorch CUDA version: 11.7
GPUs available: True
########
Beginning POS evaluation for hy
majority label baseline: 25.87
per word majority baseline: 65.12
random seed: 1
num epochs: 64
accuracy: 91.45
----
random seed: 2
num epochs: 64
accuracy: 91.43
----
random seed: 3
num epochs: 62
accuracy: 91.26
----
random seed: 4
num epochs: 56
accuracy: 91.19
----
all trials finished
mean epochs: 61.5
mean accuracy: 91.33
standard deviation: 0.11
########
Beginning POS evaluation for eu
majority label baseline: 24.36
per word majority baseline: 77.55
random seed: 1
num epochs: 64
accuracy: 96.36
----
random seed: 2
num epochs: 54
accuracy: 96.18
----
random seed: 3
num epochs: 60
accuracy: 96.16
----
random seed: 4
num epochs: 64
accuracy: 94.89
----
all trials finished
mean epochs: 60.5
mean accuracy: 95.9
standard deviation: 0.59
########
Beginning POS evaluation for myv
majority label baseline: 24.14
per word majority baseline: 55.97
random seed: 1
num epochs: 64
accuracy: 75.28
----
random seed: 2
num epochs: 64
accuracy: 74.08
----
random seed: 3
num epochs: 62
accuracy: 75.0
----
random seed: 4
num epochs: 64
accuracy: 62.47
----
all trials finished
mean epochs: 63.5
mean accuracy: 71.71
standard deviation: 5.35
########
Beginning POS evaluation for et
majority label baseline: 19.97
per word majority baseline: 69.37
random seed: 1
num epochs: 62
accuracy: 95.32
----
random seed: 2
num epochs: 62
accuracy: 95.17
----
random seed: 3
num epochs: 62
accuracy: 95.68
----
random seed: 4
num epochs: 64
accuracy: 95.73
----
all trials finished
mean epochs: 62.5
mean accuracy: 95.47
standard deviation: 0.24
########
Beginning POS evaluation for he
majority label baseline: 23.66
per word majority baseline: 85.82
random seed: 1
num epochs: 54
accuracy: 97.41
----
random seed: 2
num epochs: 58
accuracy: 97.57
----
random seed: 3
num epochs: 60
accuracy: 97.02
----
random seed: 4
num epochs: 64
accuracy: 97.48
----
all trials finished
mean epochs: 59.0
mean accuracy: 97.37
standard deviation: 0.21
########
Beginning POS evaluation for ru
majority label baseline: 23.84
per word majority baseline: 88.62
random seed: 1
num epochs: 52
accuracy: 98.53
----
random seed: 2
num epochs: 62
accuracy: 98.6
----
random seed: 3
num epochs: 64
accuracy: 98.62
----
random seed: 4
num epochs: 64
accuracy: 98.65
----
all trials finished
mean epochs: 60.5
mean accuracy: 98.6
standard deviation: 0.04
########
Beginning POS evaluation for sme
majority label baseline: 22.99
per word majority baseline: 61.65
random seed: 1
num epochs: 62
accuracy: 81.65
----
random seed: 2
num epochs: 64
accuracy: 82.27
----
random seed: 3
num epochs: 60
accuracy: 79.21
----
random seed: 4
num epochs: 64
accuracy: 79.32
----
all trials finished
mean epochs: 62.5
mean accuracy: 80.61
standard deviation: 1.36
########
Beginning POS evaluation for te
majority label baseline: 22.77
per word majority baseline: 72.4
random seed: 1
num epochs: 62
accuracy: 92.37
----
random seed: 2
num epochs: 52
accuracy: 92.23
----
random seed: 3
num epochs: 60
accuracy: 90.71
----
random seed: 4
num epochs: 24
accuracy: 83.5
----
all trials finished
mean epochs: 49.5
mean accuracy: 89.7
standard deviation: 3.64
