Config file: configs/multi_mrl_ner_xlmr-cpt_emb-32k-i.yml
Pytorch version: 1.13.1
Pytorch CUDA version: 11.7
GPUs available: True
########
Beginning NER evaluation for hy
majority label baseline: 41.35
per word majority baseline: 74.99
random seed: 1
num epochs: 32
f1: 91.48
----
random seed: 2
num epochs: 32
f1: 91.0
----
random seed: 3
num epochs: 32
f1: 90.86
----
random seed: 4
num epochs: 32
f1: 91.65
----
all trials finished
mean epochs: 32.0
mean f1: 91.25
standard deviation: 0.33
########
Beginning NER evaluation for eu
majority label baseline: 70.03
per word majority baseline: 88.88
random seed: 1
num epochs: 32
f1: 92.34
----
random seed: 2
num epochs: 32
f1: 92.68
----
random seed: 3
num epochs: 30
f1: 92.15
----
random seed: 4
num epochs: 32
f1: 92.13
----
all trials finished
mean epochs: 31.5
mean f1: 92.32
standard deviation: 0.22
########
Beginning NER evaluation for myv
majority label baseline: 73.47
per word majority baseline: 81.04
random seed: 1
num epochs: 32
f1: 77.14
----
random seed: 2
num epochs: 32
f1: 74.46
----
random seed: 3
num epochs: 32
f1: 77.28
----
random seed: 4
num epochs: 28
f1: 78.0
----
all trials finished
mean epochs: 31.0
mean f1: 76.72
standard deviation: 1.34
########
Beginning NER evaluation for et
majority label baseline: 66.44
per word majority baseline: 81.42
random seed: 1
num epochs: 32
f1: 90.75
----
random seed: 2
num epochs: 28
f1: 90.81
----
random seed: 3
num epochs: 32
f1: 91.07
----
random seed: 4
num epochs: 28
f1: 90.35
----
all trials finished
mean epochs: 30.0
mean f1: 90.75
standard deviation: 0.26
########
Beginning NER evaluation for he
majority label baseline: 64.14
per word majority baseline: 81.71
random seed: 1
num epochs: 30
f1: 81.58
----
random seed: 2
num epochs: 32
f1: 81.91
----
random seed: 3
num epochs: 30
f1: 81.73
----
random seed: 4
num epochs: 32
f1: 81.26
----
all trials finished
mean epochs: 31.0
mean f1: 81.62
standard deviation: 0.24
########
Beginning NER evaluation for ru
majority label baseline: 50.83
per word majority baseline: 83.06
random seed: 1
num epochs: 32
f1: 89.0
----
random seed: 2
num epochs: 32
f1: 89.31
----
random seed: 3
num epochs: 32
f1: 89.27
----
random seed: 4
num epochs: 32
f1: 89.51
----
all trials finished
mean epochs: 32.0
mean f1: 89.27
standard deviation: 0.18
########
Beginning NER evaluation for te
majority label baseline: 73.11
per word majority baseline: 75.65
random seed: 1
num epochs: 32
f1: 75.43
----
random seed: 2
num epochs: 32
f1: 80.07
----
random seed: 3
num epochs: 32
f1: 79.23
----
random seed: 4
num epochs: 32
f1: 79.5
----
all trials finished
mean epochs: 32.0
mean f1: 78.56
standard deviation: 1.83
