Config file: configs/multi_mrl_ner_xlmr-cpt_emb-32k.yml
Pytorch version: 1.13.1
Pytorch CUDA version: 11.7
GPUs available: True
########
Beginning NER evaluation for hy
majority label baseline: 41.35
per word majority baseline: 74.99
random seed: 1
num epochs: 30
f1: 63.95
----
random seed: 2
num epochs: 30
f1: 62.4
----
random seed: 3
num epochs: 28
f1: 61.51
----
random seed: 4
num epochs: 32
f1: 63.41
----
all trials finished
mean epochs: 30.0
mean f1: 62.82
standard deviation: 0.94
########
Beginning NER evaluation for eu
majority label baseline: 70.03
per word majority baseline: 88.88
random seed: 1
num epochs: 32
f1: 76.04
----
random seed: 2
num epochs: 32
f1: 75.82
----
random seed: 3
num epochs: 32
f1: 72.16
----
random seed: 4
num epochs: 32
f1: 75.52
----
all trials finished
mean epochs: 32.0
mean f1: 74.89
standard deviation: 1.58
########
Beginning NER evaluation for myv
majority label baseline: 73.47
per word majority baseline: 81.04
random seed: 1
num epochs: 32
f1: 66.21
----
random seed: 2
num epochs: 30
f1: 67.08
----
random seed: 3
num epochs: 30
f1: 64.31
----
random seed: 4
num epochs: 32
f1: 66.72
----
all trials finished
mean epochs: 31.0
mean f1: 66.08
standard deviation: 1.07
########
Beginning NER evaluation for et
majority label baseline: 66.44
per word majority baseline: 81.42
random seed: 1
num epochs: 32
f1: 63.54
----
random seed: 2
num epochs: 32
f1: 63.4
----
random seed: 3
num epochs: 22
f1: 59.37
----
random seed: 4
num epochs: 30
f1: 64.31
----
all trials finished
mean epochs: 29.0
mean f1: 62.66
standard deviation: 1.93
########
Beginning NER evaluation for he
majority label baseline: 64.14
per word majority baseline: 81.71
random seed: 1
num epochs: 32
f1: 12.58
----
random seed: 2
num epochs: 32
f1: 0.0
----
random seed: 3
num epochs: 32
f1: 43.04
----
random seed: 4
num epochs: 32
f1: 39.82
----
all trials finished
mean epochs: 32.0
mean f1: 23.86
standard deviation: 18.16
########
Beginning NER evaluation for ru
majority label baseline: 50.83
per word majority baseline: 83.06
random seed: 1
num epochs: 32
f1: 55.2
----
random seed: 2
num epochs: 32
f1: 59.3
----
random seed: 3
num epochs: 32
f1: 46.48
----
random seed: 4
num epochs: 32
f1: 51.28
----
all trials finished
mean epochs: 32.0
mean f1: 53.06
standard deviation: 4.74
########
Beginning NER evaluation for te
majority label baseline: 73.11
per word majority baseline: 75.65
random seed: 1
num epochs: 32
f1: 39.99
----
random seed: 2
num epochs: 32
f1: 40.56
----
random seed: 3
num epochs: 32
f1: 35.04
----
random seed: 4
num epochs: 32
f1: 35.12
----
all trials finished
mean epochs: 32.0
mean f1: 37.68
standard deviation: 2.6
