Config file: configs/multi_mrl_pos_xlmr-cpt_emb-32k-spi.yml
Pytorch version: 1.13.1
Pytorch CUDA version: 11.7
GPUs available: True
########
Beginning POS evaluation for hy
majority label baseline: 25.87
per word majority baseline: 65.12
random seed: 1
num epochs: 58
accuracy: 90.36
----
random seed: 2
num epochs: 64
accuracy: 94.14
----
random seed: 3
num epochs: 62
accuracy: 90.4
----
random seed: 4
num epochs: 64
accuracy: 90.41
----
all trials finished
mean epochs: 62.0
mean accuracy: 91.33
standard deviation: 1.63
########
Beginning POS evaluation for eu
majority label baseline: 24.36
per word majority baseline: 77.55
random seed: 1
num epochs: 64
accuracy: 93.74
----
random seed: 2
num epochs: 64
accuracy: 93.9
----
random seed: 3
num epochs: 64
accuracy: 93.8
----
random seed: 4
num epochs: 62
accuracy: 92.44
----
all trials finished
mean epochs: 63.5
mean accuracy: 93.47
standard deviation: 0.6
########
Beginning POS evaluation for myv
majority label baseline: 24.14
per word majority baseline: 55.97
random seed: 1
num epochs: 10
accuracy: 48.69
----
random seed: 2
num epochs: 62
accuracy: 68.16
----
random seed: 3
num epochs: 64
accuracy: 55.6
----
random seed: 4
num epochs: 64
accuracy: 56.44
----
all trials finished
mean epochs: 50.0
mean accuracy: 57.22
standard deviation: 6.99
########
Beginning POS evaluation for et
majority label baseline: 19.97
per word majority baseline: 69.37
random seed: 1
num epochs: 64
accuracy: 93.56
----
random seed: 2
num epochs: 64
accuracy: 93.42
----
random seed: 3
num epochs: 60
accuracy: 93.35
----
random seed: 4
num epochs: 60
accuracy: 93.54
----
all trials finished
mean epochs: 62.0
mean accuracy: 93.47
standard deviation: 0.09
########
Beginning POS evaluation for he
majority label baseline: 23.66
per word majority baseline: 85.82
random seed: 1
num epochs: 56
accuracy: 96.6
----
random seed: 2
num epochs: 48
accuracy: 96.66
----
random seed: 3
num epochs: 62
accuracy: 96.65
----
random seed: 4
num epochs: 60
accuracy: 96.69
----
all trials finished
mean epochs: 56.5
mean accuracy: 96.65
standard deviation: 0.03
########
Beginning POS evaluation for ru
majority label baseline: 23.84
per word majority baseline: 88.62
random seed: 1
num epochs: 40
accuracy: 98.18
----
random seed: 2
num epochs: 60
accuracy: 98.3
----
random seed: 3
num epochs: 64
accuracy: 98.32
----
random seed: 4
num epochs: 60
accuracy: 98.35
----
all trials finished
mean epochs: 56.0
mean accuracy: 98.29
standard deviation: 0.06
########
Beginning POS evaluation for sme
majority label baseline: 22.99
per word majority baseline: 61.65
random seed: 1
num epochs: 64
accuracy: 73.84
----
random seed: 2
num epochs: 64
accuracy: 73.43
----
random seed: 3
num epochs: 64
accuracy: 74.65
----
random seed: 4
num epochs: 64
accuracy: 76.17
----
all trials finished
mean epochs: 64.0
mean accuracy: 74.52
standard deviation: 1.05
########
Beginning POS evaluation for te
majority label baseline: 22.77
per word majority baseline: 72.4
random seed: 1
num epochs: 32
accuracy: 83.5
----
random seed: 2
num epochs: 62
accuracy: 90.29
----
random seed: 3
num epochs: 30
accuracy: 83.08
----
random seed: 4
num epochs: 62
accuracy: 85.71
----
all trials finished
mean epochs: 46.5
mean accuracy: 85.64
standard deviation: 2.86
