Config file: configs/multi_mrl_ner_xlmr-cpt-full_emb-32k-i.yml
Pytorch version: 1.13.1
Pytorch CUDA version: 11.7
GPUs available: True
########
Beginning NER evaluation for hy
majority label baseline: 41.35
per word majority baseline: 74.99
random seed: 1
num epochs: 30
f1: 93.37
----
random seed: 2
num epochs: 32
f1: 93.13
----
random seed: 3
num epochs: 32
f1: 93.06
----
random seed: 4
num epochs: 28
f1: 93.02
----
all trials finished
mean epochs: 30.5
mean f1: 93.15
standard deviation: 0.14
########
Beginning NER evaluation for eu
majority label baseline: 70.03
per word majority baseline: 88.88
random seed: 1
num epochs: 30
f1: 93.08
----
random seed: 2
num epochs: 28
f1: 93.31
----
random seed: 3
num epochs: 32
f1: 93.38
----
random seed: 4
num epochs: 32
f1: 93.71
----
all trials finished
mean epochs: 30.5
mean f1: 93.37
standard deviation: 0.22
########
Beginning NER evaluation for myv
majority label baseline: 73.47
per word majority baseline: 81.04
random seed: 1
num epochs: 28
f1: 80.8
----
random seed: 2
num epochs: 18
f1: 77.41
----
random seed: 3
num epochs: 28
f1: 81.44
----
random seed: 4
num epochs: 32
f1: 84.05
----
all trials finished
mean epochs: 26.5
mean f1: 80.92
standard deviation: 2.36
########
Beginning NER evaluation for et
majority label baseline: 66.44
per word majority baseline: 81.42
random seed: 1
num epochs: 32
f1: 92.04
----
random seed: 2
num epochs: 32
f1: 91.47
----
random seed: 3
num epochs: 30
f1: 91.71
----
random seed: 4
num epochs: 20
f1: 90.9
----
all trials finished
mean epochs: 28.5
mean f1: 91.53
standard deviation: 0.42
########
Beginning NER evaluation for he
majority label baseline: 64.14
per word majority baseline: 81.71
random seed: 1
num epochs: 32
f1: 83.69
----
random seed: 2
num epochs: 32
f1: 83.97
----
random seed: 3
num epochs: 32
f1: 83.31
----
random seed: 4
num epochs: 32
f1: 83.16
----
all trials finished
mean epochs: 32.0
mean f1: 83.53
standard deviation: 0.32
########
Beginning NER evaluation for ru
majority label baseline: 50.83
per word majority baseline: 83.06
random seed: 1
num epochs: 32
f1: 89.69
----
random seed: 2
num epochs: 32
f1: 89.99
----
random seed: 3
num epochs: 32
f1: 89.77
----
random seed: 4
num epochs: 32
f1: 89.81
----
all trials finished
mean epochs: 32.0
mean f1: 89.82
standard deviation: 0.11
########
Beginning NER evaluation for te
majority label baseline: 73.11
per word majority baseline: 75.65
random seed: 1
num epochs: 32
f1: 83.17
----
random seed: 2
num epochs: 30
f1: 83.65
----
random seed: 3
num epochs: 28
f1: 83.64
----
random seed: 4
num epochs: 32
f1: 82.38
----
all trials finished
mean epochs: 30.5
mean f1: 83.21
standard deviation: 0.52
