Config file: configs/uralic_mrl_pos_xlmr-cpt-full_emb-32k-spi.yml
Pytorch version: 1.13.1
Pytorch CUDA version: 11.7
GPUs available: True
########
Beginning POS evaluation for myv
majority label baseline: 24.14
per word majority baseline: 55.97
random seed: 1
num epochs: 64
accuracy: 72.04
----
random seed: 2
num epochs: 64
accuracy: 73.27
----
random seed: 3
num epochs: 64
accuracy: 75.15
----
random seed: 4
num epochs: 64
accuracy: 71.68
----
all trials finished
mean epochs: 64.0
mean accuracy: 73.04
standard deviation: 1.36
########
Beginning POS evaluation for sme
majority label baseline: 22.99
per word majority baseline: 61.65
random seed: 1
num epochs: 64
accuracy: 74.8
----
random seed: 2
num epochs: 64
accuracy: 80.95
----
random seed: 3
num epochs: 62
accuracy: 77.22
----
random seed: 4
num epochs: 64
accuracy: 79.03
----
all trials finished
mean epochs: 63.5
mean accuracy: 78.0
standard deviation: 2.27
########
Beginning POS evaluation for et
majority label baseline: 19.97
per word majority baseline: 69.37
random seed: 1
num epochs: 64
accuracy: 94.68
----
random seed: 2
num epochs: 64
accuracy: 95.07
----
random seed: 3
num epochs: 64
accuracy: 94.32
----
random seed: 4
num epochs: 62
accuracy: 94.79
----
all trials finished
mean epochs: 63.5
mean accuracy: 94.71
standard deviation: 0.27
########
Beginning POS evaluation for fi
majority label baseline: 23.24
per word majority baseline: 70.78
random seed: 1
num epochs: 60
accuracy: 96.49
----
random seed: 2
num epochs: 64
accuracy: 96.72
----
random seed: 3
num epochs: 60
accuracy: 96.75
----
random seed: 4
num epochs: 62
accuracy: 96.61
----
all trials finished
mean epochs: 61.5
mean accuracy: 96.64
standard deviation: 0.1
########
Beginning POS evaluation for hu
majority label baseline: 22.42
per word majority baseline: 60.37
random seed: 1
num epochs: 64
accuracy: 95.17
----
random seed: 2
num epochs: 64
accuracy: 95.14
----
random seed: 3
num epochs: 64
accuracy: 95.38
----
random seed: 4
num epochs: 64
accuracy: 93.57
----
all trials finished
mean epochs: 64.0
mean accuracy: 94.81
standard deviation: 0.72
########
Beginning POS evaluation for ru
majority label baseline: 23.84
per word majority baseline: 88.62
random seed: 1
num epochs: 64
accuracy: 98.41
----
random seed: 2
num epochs: 62
accuracy: 98.38
----
random seed: 3
num epochs: 64
accuracy: 98.39
----
random seed: 4
num epochs: 62
accuracy: 98.4
----
all trials finished
mean epochs: 63.0
mean accuracy: 98.39
standard deviation: 0.01
