Config file: configs/uralic_mrl_ner_xlmr-cpt_emb-32k-i.yml
Pytorch version: 1.13.1
Pytorch CUDA version: 11.7
GPUs available: True
########
Beginning NER evaluation for myv
majority label baseline: 73.47
per word majority baseline: 81.04
random seed: 1
num epochs: 30
f1: 70.95
----
random seed: 2
num epochs: 22
f1: 63.88
----
random seed: 3
num epochs: 32
f1: 73.78
----
random seed: 4
num epochs: 32
f1: 75.32
----
all trials finished
mean epochs: 29.0
mean f1: 70.98
standard deviation: 4.39
########
Beginning NER evaluation for et
majority label baseline: 66.57
per word majority baseline: 82.44
random seed: 1
num epochs: 32
f1: 90.31
----
random seed: 2
num epochs: 26
f1: 89.58
----
random seed: 3
num epochs: 32
f1: 90.02
----
random seed: 4
num epochs: 32
f1: 90.35
----
all trials finished
mean epochs: 30.5
mean f1: 90.07
standard deviation: 0.31
########
Beginning NER evaluation for fi
majority label baseline: 67.93
per word majority baseline: 86.37
random seed: 1
num epochs: 28
f1: 86.86
----
random seed: 2
num epochs: 30
f1: 86.41
----
random seed: 3
num epochs: 32
f1: 87.55
----
random seed: 4
num epochs: 32
f1: 87.09
----
all trials finished
mean epochs: 30.5
mean f1: 86.98
standard deviation: 0.41
########
Beginning NER evaluation for hu
majority label baseline: 69.11
per word majority baseline: 88.01
random seed: 1
num epochs: 32
f1: 90.07
----
random seed: 2
num epochs: 32
f1: 89.97
----
random seed: 3
num epochs: 30
f1: 89.86
----
random seed: 4
num epochs: 32
f1: 89.65
----
all trials finished
mean epochs: 31.5
mean f1: 89.89
standard deviation: 0.15
########
Beginning NER evaluation for ru
majority label baseline: 50.83
per word majority baseline: 83.06
random seed: 1
num epochs: 32
f1: 88.64
----
random seed: 2
num epochs: 30
f1: 88.6
----
random seed: 3
num epochs: 32
f1: 88.67
----
random seed: 4
num epochs: 30
f1: 88.77
----
all trials finished
mean epochs: 31.0
mean f1: 88.67
standard deviation: 0.07
