Config file: configs/uralic_mrl_pos_xlmr-cpt-full.yml
Pytorch version: 1.13.1
Pytorch CUDA version: 11.7
GPUs available: True
########
Beginning POS evaluation for myv
majority label baseline: 24.14
per word majority baseline: 55.97
random seed: 1
num epochs: 62
accuracy: 74.51
----
random seed: 2
num epochs: 60
accuracy: 68.74
----
random seed: 3
num epochs: 64
accuracy: 75.15
----
random seed: 4
num epochs: 64
accuracy: 71.52
----
all trials finished
mean epochs: 62.5
mean accuracy: 72.48
standard deviation: 2.56
########
Beginning POS evaluation for sme
majority label baseline: 22.99
per word majority baseline: 61.65
random seed: 1
num epochs: 64
accuracy: 83.52
----
random seed: 2
num epochs: 56
accuracy: 82.6
----
random seed: 3
num epochs: 64
accuracy: 82.41
----
random seed: 4
num epochs: 62
accuracy: 82.92
----
all trials finished
mean epochs: 61.5
mean accuracy: 82.86
standard deviation: 0.42
########
Beginning POS evaluation for et
majority label baseline: 19.97
per word majority baseline: 69.37
random seed: 1
num epochs: 62
accuracy: 95.95
----
random seed: 2
num epochs: 48
accuracy: 95.73
----
random seed: 3
num epochs: 58
accuracy: 95.79
----
random seed: 4
num epochs: 60
accuracy: 95.76
----
all trials finished
mean epochs: 57.0
mean accuracy: 95.8
standard deviation: 0.08
########
Beginning POS evaluation for fi
majority label baseline: 23.24
per word majority baseline: 70.78
random seed: 1
num epochs: 64
accuracy: 97.83
----
random seed: 2
num epochs: 64
accuracy: 97.76
----
random seed: 3
num epochs: 60
accuracy: 97.44
----
random seed: 4
num epochs: 60
accuracy: 97.67
----
all trials finished
mean epochs: 62.0
mean accuracy: 97.68
standard deviation: 0.15
########
Beginning POS evaluation for hu
majority label baseline: 22.42
per word majority baseline: 60.37
random seed: 1
num epochs: 64
accuracy: 91.18
----
random seed: 2
num epochs: 64
accuracy: 93.79
----
random seed: 3
num epochs: 64
accuracy: 95.7
----
random seed: 4
num epochs: 64
accuracy: 95.84
----
all trials finished
mean epochs: 64.0
mean accuracy: 94.13
standard deviation: 1.89
########
Beginning POS evaluation for ru
majority label baseline: 23.84
per word majority baseline: 88.62
random seed: 1
num epochs: 32
accuracy: 98.52
----
random seed: 2
num epochs: 46
accuracy: 98.61
----
random seed: 3
num epochs: 64
accuracy: 98.59
----
random seed: 4
num epochs: 46
accuracy: 98.58
----
all trials finished
mean epochs: 47.0
mean accuracy: 98.58
standard deviation: 0.04
