Config file: configs/uralic_mrl_pos_xlmr-cpt-full_emb-32k-si.yml
Pytorch version: 1.13.1
Pytorch CUDA version: 11.7
GPUs available: True
########
Beginning POS evaluation for myv
majority label baseline: 24.14
per word majority baseline: 55.97
random seed: 1
num epochs: 64
accuracy: 72.69
----
random seed: 2
num epochs: 64
accuracy: 75.19
----
random seed: 3
num epochs: 64
accuracy: 74.27
----
random seed: 4
num epochs: 12
accuracy: 48.61
----
all trials finished
mean epochs: 51.0
mean accuracy: 67.69
standard deviation: 11.05
########
Beginning POS evaluation for sme
majority label baseline: 22.99
per word majority baseline: 61.65
random seed: 1
num epochs: 64
accuracy: 76.08
----
random seed: 2
num epochs: 64
accuracy: 77.12
----
random seed: 3
num epochs: 64
accuracy: 80.7
----
random seed: 4
num epochs: 62
accuracy: 81.15
----
all trials finished
mean epochs: 63.5
mean accuracy: 78.76
standard deviation: 2.2
########
Beginning POS evaluation for et
majority label baseline: 19.97
per word majority baseline: 69.37
random seed: 1
num epochs: 62
accuracy: 94.48
----
random seed: 2
num epochs: 64
accuracy: 94.78
----
random seed: 3
num epochs: 48
accuracy: 94.1
----
random seed: 4
num epochs: 58
accuracy: 93.97
----
all trials finished
mean epochs: 58.0
mean accuracy: 94.33
standard deviation: 0.32
########
Beginning POS evaluation for fi
majority label baseline: 23.24
per word majority baseline: 70.78
random seed: 1
num epochs: 64
accuracy: 96.46
----
random seed: 2
num epochs: 56
accuracy: 96.4
----
random seed: 3
num epochs: 62
accuracy: 96.49
----
random seed: 4
num epochs: 64
accuracy: 96.29
----
all trials finished
mean epochs: 61.5
mean accuracy: 96.41
standard deviation: 0.08
########
Beginning POS evaluation for hu
majority label baseline: 22.42
per word majority baseline: 60.37
random seed: 1
num epochs: 64
accuracy: 94.16
----
random seed: 2
num epochs: 64
accuracy: 95.2
----
random seed: 3
num epochs: 64
accuracy: 95.5
----
random seed: 4
num epochs: 64
accuracy: 93.91
----
all trials finished
mean epochs: 64.0
mean accuracy: 94.69
standard deviation: 0.67
########
Beginning POS evaluation for ru
majority label baseline: 23.84
per word majority baseline: 88.62
random seed: 1
num epochs: 58
accuracy: 98.41
----
random seed: 2
num epochs: 50
accuracy: 98.37
----
random seed: 3
num epochs: 60
accuracy: 98.43
----
random seed: 4
num epochs: 42
accuracy: 98.35
----
all trials finished
mean epochs: 52.5
mean accuracy: 98.39
standard deviation: 0.03
