Config file: configs/uralic_mrl_ner_xlmr-cpt_emb-32k-spi.yml
Pytorch version: 1.13.1
Pytorch CUDA version: 11.7
GPUs available: True
########
Beginning NER evaluation for myv
majority label baseline: 73.47
per word majority baseline: 81.04
random seed: 1
num epochs: 30
f1: 86.6
----
random seed: 2
num epochs: 32
f1: 88.44
----
random seed: 3
num epochs: 30
f1: 85.99
----
random seed: 4
num epochs: 32
f1: 85.56
----
all trials finished
mean epochs: 31.0
mean f1: 86.65
standard deviation: 1.1
########
Beginning NER evaluation for et
majority label baseline: 66.57
per word majority baseline: 82.44
random seed: 1
num epochs: 30
f1: 91.73
----
random seed: 2
num epochs: 32
f1: 91.49
----
random seed: 3
num epochs: 24
f1: 91.03
----
random seed: 4
num epochs: 30
f1: 91.45
----
all trials finished
mean epochs: 29.0
mean f1: 91.43
standard deviation: 0.25
########
Beginning NER evaluation for fi
majority label baseline: 67.93
per word majority baseline: 86.37
random seed: 1
num epochs: 32
f1: 88.4
----
random seed: 2
num epochs: 32
f1: 88.73
----
random seed: 3
num epochs: 32
f1: 89.24
----
random seed: 4
num epochs: 32
f1: 88.63
----
all trials finished
mean epochs: 32.0
mean f1: 88.75
standard deviation: 0.31
########
Beginning NER evaluation for hu
majority label baseline: 69.11
per word majority baseline: 88.01
random seed: 1
num epochs: 30
f1: 90.68
----
random seed: 2
num epochs: 30
f1: 90.72
----
random seed: 3
num epochs: 26
f1: 90.13
----
random seed: 4
num epochs: 30
f1: 90.56
----
all trials finished
mean epochs: 29.0
mean f1: 90.52
standard deviation: 0.23
########
Beginning NER evaluation for ru
majority label baseline: 50.83
per word majority baseline: 83.06
random seed: 1
num epochs: 32
f1: 89.87
----
random seed: 2
num epochs: 32
f1: 89.76
----
random seed: 3
num epochs: 32
f1: 89.97
----
random seed: 4
num epochs: 30
f1: 89.82
----
all trials finished
mean epochs: 31.5
mean f1: 89.86
standard deviation: 0.08
