Config file: configs/uralic_mrl_ner_xlmr-cpt-full.yml
Pytorch version: 1.13.1
Pytorch CUDA version: 11.7
GPUs available: True
########
Beginning NER evaluation for myv
majority label baseline: 73.47
per word majority baseline: 81.04
random seed: 1
num epochs: 32
f1: 90.29
----
random seed: 2
num epochs: 30
f1: 90.66
----
random seed: 3
num epochs: 30
f1: 89.94
----
random seed: 4
num epochs: 32
f1: 91.28
----
all trials finished
mean epochs: 31.0
mean f1: 90.54
standard deviation: 0.49
########
Beginning NER evaluation for et
majority label baseline: 66.57
per word majority baseline: 82.44
random seed: 1
num epochs: 28
f1: 93.6
----
random seed: 2
num epochs: 32
f1: 93.93
----
random seed: 3
num epochs: 32
f1: 93.65
----
random seed: 4
num epochs: 30
f1: 94.11
----
all trials finished
mean epochs: 30.5
mean f1: 93.82
standard deviation: 0.21
########
Beginning NER evaluation for fi
majority label baseline: 67.93
per word majority baseline: 86.37
random seed: 1
num epochs: 26
f1: 90.75
----
random seed: 2
num epochs: 32
f1: 91.18
----
random seed: 3
num epochs: 26
f1: 90.97
----
random seed: 4
num epochs: 30
f1: 91.28
----
all trials finished
mean epochs: 28.5
mean f1: 91.05
standard deviation: 0.2
########
Beginning NER evaluation for hu
majority label baseline: 69.11
per word majority baseline: 88.01
random seed: 1
num epochs: 32
f1: 92.66
----
random seed: 2
num epochs: 32
f1: 92.76
----
random seed: 3
num epochs: 32
f1: 92.28
----
random seed: 4
num epochs: 24
f1: 92.06
----
all trials finished
mean epochs: 30.0
mean f1: 92.44
standard deviation: 0.28
########
Beginning NER evaluation for ru
majority label baseline: 50.83
per word majority baseline: 83.06
random seed: 1
num epochs: 26
f1: 90.81
----
random seed: 2
num epochs: 30
f1: 90.82
----
random seed: 3
num epochs: 32
f1: 91.01
----
random seed: 4
num epochs: 30
f1: 91.24
----
all trials finished
mean epochs: 29.5
mean f1: 90.97
standard deviation: 0.18
