Config file: configs/uralic_mrl_pos_xlmr-cpt_emb-32k-spi.yml
Pytorch version: 1.13.1
Pytorch CUDA version: 11.7
GPUs available: True
########
Beginning POS evaluation for myv
majority label baseline: 24.14
per word majority baseline: 55.97
random seed: 1
num epochs: 64
accuracy: 62.33
----
random seed: 2
num epochs: 64
accuracy: 67.69
----
random seed: 3
num epochs: 64
accuracy: 65.9
----
random seed: 4
num epochs: 64
accuracy: 60.7
----
all trials finished
mean epochs: 64.0
mean accuracy: 64.15
standard deviation: 2.78
########
Beginning POS evaluation for sme
majority label baseline: 22.99
per word majority baseline: 61.65
random seed: 1
num epochs: 64
accuracy: 70.0
----
random seed: 2
num epochs: 64
accuracy: 76.61
----
random seed: 3
num epochs: 64
accuracy: 70.67
----
random seed: 4
num epochs: 64
accuracy: 73.51
----
all trials finished
mean epochs: 64.0
mean accuracy: 72.7
standard deviation: 2.62
########
Beginning POS evaluation for et
majority label baseline: 19.97
per word majority baseline: 69.37
random seed: 1
num epochs: 64
accuracy: 93.15
----
random seed: 2
num epochs: 62
accuracy: 92.96
----
random seed: 3
num epochs: 58
accuracy: 92.84
----
random seed: 4
num epochs: 64
accuracy: 92.85
----
all trials finished
mean epochs: 62.0
mean accuracy: 92.95
standard deviation: 0.12
########
Beginning POS evaluation for fi
majority label baseline: 23.24
per word majority baseline: 70.78
random seed: 1
num epochs: 62
accuracy: 95.49
----
random seed: 2
num epochs: 64
accuracy: 95.56
----
random seed: 3
num epochs: 64
accuracy: 95.54
----
random seed: 4
num epochs: 60
accuracy: 95.5
----
all trials finished
mean epochs: 62.5
mean accuracy: 95.52
standard deviation: 0.03
########
Beginning POS evaluation for hu
majority label baseline: 22.42
per word majority baseline: 60.37
random seed: 1
num epochs: 64
accuracy: 93.1
----
random seed: 2
num epochs: 64
accuracy: 94.15
----
random seed: 3
num epochs: 64
accuracy: 94.53
----
random seed: 4
num epochs: 64
accuracy: 92.58
----
all trials finished
mean epochs: 64.0
mean accuracy: 93.59
standard deviation: 0.78
########
Beginning POS evaluation for ru
majority label baseline: 23.84
per word majority baseline: 88.62
random seed: 1
num epochs: 54
accuracy: 98.26
----
random seed: 2
num epochs: 36
accuracy: 98.2
----
random seed: 3
num epochs: 62
accuracy: 98.3
----
random seed: 4
num epochs: 64
accuracy: 98.33
----
all trials finished
mean epochs: 54.0
mean accuracy: 98.27
standard deviation: 0.05
