Config file: configs/uralic_mrl_pos_xlmr-ots.yml
Pytorch version: 1.13.1
Pytorch CUDA version: 11.7
GPUs available: True
########
Beginning POS evaluation for myv
majority label baseline: 24.14
per word majority baseline: 55.97
random seed: 1
num epochs: 64
accuracy: 48.76
----
random seed: 2
num epochs: 64
accuracy: 57.07
----
random seed: 3
num epochs: 64
accuracy: 63.42
----
random seed: 4
num epochs: 64
accuracy: 55.78
----
all trials finished
mean epochs: 64.0
mean accuracy: 56.26
standard deviation: 5.21
########
Beginning POS evaluation for sme
majority label baseline: 22.99
per word majority baseline: 61.65
random seed: 1
num epochs: 64
accuracy: 75.96
----
random seed: 2
num epochs: 64
accuracy: 72.71
----
random seed: 3
num epochs: 62
accuracy: 72.77
----
random seed: 4
num epochs: 64
accuracy: 73.91
----
all trials finished
mean epochs: 63.5
mean accuracy: 73.84
standard deviation: 1.32
########
Beginning POS evaluation for et
majority label baseline: 19.97
per word majority baseline: 69.37
random seed: 1
num epochs: 56
accuracy: 95.07
----
random seed: 2
num epochs: 60
accuracy: 95.77
----
random seed: 3
num epochs: 62
accuracy: 95.63
----
random seed: 4
num epochs: 62
accuracy: 95.06
----
all trials finished
mean epochs: 60.0
mean accuracy: 95.38
standard deviation: 0.32
########
Beginning POS evaluation for fi
majority label baseline: 23.24
per word majority baseline: 70.78
random seed: 1
num epochs: 46
accuracy: 97.4
----
random seed: 2
num epochs: 60
accuracy: 97.65
----
random seed: 3
num epochs: 40
accuracy: 97.5
----
random seed: 4
num epochs: 60
accuracy: 97.59
----
all trials finished
mean epochs: 51.5
mean accuracy: 97.54
standard deviation: 0.1
########
Beginning POS evaluation for hu
majority label baseline: 22.42
per word majority baseline: 60.37
random seed: 1
num epochs: 64
accuracy: 95.38
----
random seed: 2
num epochs: 62
accuracy: 93.52
----
random seed: 3
num epochs: 64
accuracy: 91.46
----
random seed: 4
num epochs: 64
accuracy: 94.59
----
all trials finished
mean epochs: 63.5
mean accuracy: 93.74
standard deviation: 1.47
########
Beginning POS evaluation for ru
majority label baseline: 23.84
per word majority baseline: 88.62
random seed: 1
num epochs: 38
accuracy: 98.5
----
random seed: 2
num epochs: 32
accuracy: 98.57
----
random seed: 3
num epochs: 54
accuracy: 98.58
----
random seed: 4
num epochs: 46
accuracy: 98.61
----
all trials finished
mean epochs: 42.5
mean accuracy: 98.57
standard deviation: 0.04
